<?xml version="1.0" encoding="UTF-8"?>
<testsuite xmlns:xsi="http://www.w3.org/2001/XMLSchema-instance" xsi:noNamespaceSchemaLocation="https://maven.apache.org/surefire/maven-surefire-plugin/xsd/surefire-test-report-3.0.xsd" version="3.0" name="com.url.shorterner.UrlShorternerSbApplicationTests" time="15.995" tests="1" errors="0" skipped="0" failures="0">
  <properties>
[...]
</properties>
  <testcase name="contextLoads" classname="com.url.shorterner.UrlShorternerSbApplicationTests" time="0.528">
    <system-out><![CDATA[12:55:27.557 [main] INFO org.springframework.test.context.support.AnnotationConfigContextLoaderUtils -- Could not detect default configuration classes for test class [com.url.shorterner.UrlShorternerSbApplicationTests]: UrlShorternerSbApplicationTests does not declare any static, non-private, non-final, nested classes annotated with @Configuration.
12:55:27.689 [main] INFO org.springframework.boot.test.context.SpringBootTestContextBootstrapper -- Found @SpringBootConfiguration com.url.shorterner.UrlShorternerSbApplication for test class com.url.shorterner.UrlShorternerSbApplicationTests

  .   ____          _            __ _ _
 /\\ / ___'_ __ _ _(_)_ __  __ _ \ \ \ \
( ( )\___ | '_ | '_| | '_ \/ _` | \ \ \ \
 \\/  ___)| |_)| | | | | || (_| |  ) ) ) )
  '  |____| .__|_| |_|_| |_\__, | / / / /
 =========|_|==============|___/=/_/_/_/
 :: Spring Boot ::                (v3.2.4)

2025-09-29T12:55:28.189+05:30  INFO 18076 --- [url-shorterner-sb] [           main] c.u.s.UrlShorternerSbApplicationTests    : Starting UrlShorternerSbApplicationTests using Java 23.0.2 with PID 18076 (started by Sunny RAj in C:\Users\Sunny RAj\Desktop\Springboot\url-shortener\url-shorterner-sb)
2025-09-29T12:55:28.191+05:30  INFO 18076 --- [url-shorterner-sb] [           main] c.u.s.UrlShorternerSbApplicationTests    : No active profile set, falling back to 1 default profile: "default"
2025-09-29T12:55:28.191+05:30 DEBUG 18076 --- [url-shorterner-sb] [           main] o.s.boot.SpringApplication               : Loading source class com.url.shorterner.UrlShorternerSbApplication
2025-09-29T12:55:28.231+05:30 DEBUG 18076 --- [url-shorterner-sb] [           main] o.s.w.c.s.GenericWebApplicationContext   : Refreshing org.springframework.web.context.support.GenericWebApplicationContext@c8b96ec
2025-09-29T12:55:28.252+05:30 DEBUG 18076 --- [url-shorterner-sb] [           main] o.s.b.f.s.DefaultListableBeanFactory     : Creating shared instance of singleton bean 'org.springframework.context.annotation.internalConfigurationAnnotationProcessor'
2025-09-29T12:55:28.271+05:30 DEBUG 18076 --- [url-shorterner-sb] [           main] o.s.b.f.s.DefaultListableBeanFactory     : Creating shared instance of singleton bean 'org.springframework.boot.autoconfigure.internalCachingMetadataReaderFactory'
2025-09-29T12:55:28.330+05:30 DEBUG 18076 --- [url-shorterner-sb] [           main] o.s.c.a.ClassPathBeanDefinitionScanner   : Identified candidate component class: file [C:\Users\Sunny RAj\Desktop\Springboot\url-shortener\url-shorterner-sb\target\classes\com\url\shorterner\controller\AuthController.class]
2025-09-29T12:55:28.333+05:30 DEBUG 18076 --- [url-shorterner-sb] [           main] o.s.c.a.ClassPathBeanDefinitionScanner   : Identified candidate component class: file [C:\Users\Sunny RAj\Desktop\Springboot\url-shortener\url-shorterner-sb\target\classes\com\url\shorterner\controller\RedirectController.class]
2025-09-29T12:55:28.335+05:30 DEBUG 18076 --- [url-shorterner-sb] [           main] o.s.c.a.ClassPathBeanDefinitionScanner   : Identified candidate component class: file [C:\Users\Sunny RAj\Desktop\Springboot\url-shortener\url-shorterner-sb\target\classes\com\url\shorterner\controller\UrlMappingController.class]
2025-09-29T12:55:28.343+05:30 DEBUG 18076 --- [url-shorterner-sb] [           main] o.s.c.a.ClassPathBeanDefinitionScanner   : Ignored because not a concrete top-level class: file [C:\Users\Sunny RAj\Desktop\Springboot\url-shortener\url-shorterner-sb\target\classes\com\url\shorterner\reposiotry\ClickEventRepository.class]
2025-09-29T12:55:28.343+05:30 DEBUG 18076 --- [url-shorterner-sb] [           main] o.s.c.a.ClassPathBeanDefinitionScanner   : Ignored because not a concrete top-level class: file [C:\Users\Sunny RAj\Desktop\Springboot\url-shortener\url-shorterner-sb\target\classes\com\url\shorterner\reposiotry\UrlMappingRepository.class]
2025-09-29T12:55:28.345+05:30 DEBUG 18076 --- [url-shorterner-sb] [           main] o.s.c.a.ClassPathBeanDefinitionScanner   : Ignored because not a concrete top-level class: file [C:\Users\Sunny RAj\Desktop\Springboot\url-shortener\url-shorterner-sb\target\classes\com\url\shorterner\reposiotry\UserRepository.class]
2025-09-29T12:55:28.345+05:30 DEBUG 18076 --- [url-shorterner-sb] [           main] o.s.c.a.ClassPathBeanDefinitionScanner   : Identified candidate component class: file [C:\Users\Sunny RAj\Desktop\Springboot\url-shortener\url-shorterner-sb\target\classes\com\url\shorterner\security\jwt\JwtAuthenticationFilter.class]
2025-09-29T12:55:28.347+05:30 DEBUG 18076 --- [url-shorterner-sb] [           main] o.s.c.a.ClassPathBeanDefinitionScanner   : Identified candidate component class: file [C:\Users\Sunny RAj\Desktop\Springboot\url-shortener\url-shorterner-sb\target\classes\com\url\shorterner\security\jwt\JwtUtils.class]
2025-09-29T12:55:28.349+05:30 DEBUG 18076 --- [url-shorterner-sb] [           main] o.s.c.a.ClassPathBeanDefinitionScanner   : Identified candidate component class: file [C:\Users\Sunny RAj\Desktop\Springboot\url-shortener\url-shorterner-sb\target\classes\com\url\shorterner\security\WebConfig.class]
2025-09-29T12:55:28.357+05:30 DEBUG 18076 --- [url-shorterner-sb] [           main] o.s.c.a.ClassPathBeanDefinitionScanner   : Identified candidate component class: file [C:\Users\Sunny RAj\Desktop\Springboot\url-shortener\url-shorterner-sb\target\classes\com\url\shorterner\security\WebSecurityConfig.class]
2025-09-29T12:55:28.358+05:30 DEBUG 18076 --- [url-shorterner-sb] [           main] o.s.c.a.ClassPathBeanDefinitionScanner   : Identified candidate component class: file [C:\Users\Sunny RAj\Desktop\Springboot\url-shortener\url-shorterner-sb\target\classes\com\url\shorterner\service\UrlMappingService.class]
2025-09-29T12:55:28.360+05:30 DEBUG 18076 --- [url-shorterner-sb] [           main] o.s.c.a.ClassPathBeanDefinitionScanner   : Identified candidate component class: file [C:\Users\Sunny RAj\Desktop\Springboot\url-shortener\url-shorterner-sb\target\classes\com\url\shorterner\service\UserDetailServiceImpl.class]
2025-09-29T12:55:28.361+05:30 DEBUG 18076 --- [url-shorterner-sb] [           main] o.s.c.a.ClassPathBeanDefinitionScanner   : Identified candidate component class: file [C:\Users\Sunny RAj\Desktop\Springboot\url-shortener\url-shorterner-sb\target\classes\com\url\shorterner\service\UserService.class]
2025-09-29T12:55:28.683+05:30 DEBUG 18076 --- [url-shorterner-sb] [           main] ySourcesPropertyResolver$DefaultResolver : Found key 'DATABASE_URL' in PropertySource 'systemEnvironment' with value of type String
2025-09-29T12:55:29.012+05:30  INFO 18076 --- [url-shorterner-sb] [           main] .s.d.r.c.RepositoryConfigurationDelegate : Bootstrapping Spring Data JPA repositories in DEFAULT mode.
2025-09-29T12:55:29.020+05:30 DEBUG 18076 --- [url-shorterner-sb] [           main] o.s.b.f.s.DefaultListableBeanFactory     : Creating shared instance of singleton bean 'org.springframework.boot.autoconfigure.AutoConfigurationPackages'
2025-09-29T12:55:29.026+05:30 DEBUG 18076 --- [url-shorterner-sb] [           main] o.s.b.a.AutoConfigurationPackages        : @EnableAutoConfiguration was declared on a class in the package 'com.url.shorterner'. Automatic @Repository and @Entity scanning is enabled.
2025-09-29T12:55:29.027+05:30 DEBUG 18076 --- [url-shorterner-sb] [           main] .s.d.r.c.RepositoryConfigurationDelegate : Scanning for JPA repositories in packages com.url.shorterner.
2025-09-29T12:55:29.037+05:30 DEBUG 18076 --- [url-shorterner-sb] [           main] o.s.d.r.c.RepositoryComponentProvider    : Identified candidate component class: file [C:\Users\Sunny RAj\Desktop\Springboot\url-shortener\url-shorterner-sb\target\classes\com\url\shorterner\reposiotry\ClickEventRepository.class]
2025-09-29T12:55:29.037+05:30 DEBUG 18076 --- [url-shorterner-sb] [           main] o.s.d.r.c.RepositoryComponentProvider    : Identified candidate component class: file [C:\Users\Sunny RAj\Desktop\Springboot\url-shortener\url-shorterner-sb\target\classes\com\url\shorterner\reposiotry\UrlMappingRepository.class]
2025-09-29T12:55:29.037+05:30 DEBUG 18076 --- [url-shorterner-sb] [           main] o.s.d.r.c.RepositoryComponentProvider    : Identified candidate component class: file [C:\Users\Sunny RAj\Desktop\Springboot\url-shortener\url-shorterner-sb\target\classes\com\url\shorterner\reposiotry\UserRepository.class]
2025-09-29T12:55:29.069+05:30 DEBUG 18076 --- [url-shorterner-sb] [           main] ssPathScanningCandidateComponentProvider : Identified candidate component class: file [C:\Users\Sunny RAj\Desktop\Springboot\url-shortener\url-shorterner-sb\target\classes\com\url\shorterner\service\UserDetailServiceImpl.class]
2025-09-29T12:55:29.071+05:30 DEBUG 18076 --- [url-shorterner-sb] [           main] ssPathScanningCandidateComponentProvider : Identified candidate component class: file [C:\Users\Sunny RAj\Desktop\Springboot\url-shortener\url-shorterner-sb\target\classes\com\url\shorterner\service\UserDetailsImpl.class]
2025-09-29T12:55:29.086+05:30  INFO 18076 --- [url-shorterner-sb] [           main] .s.d.r.c.RepositoryConfigurationDelegate : Finished Spring Data repository scanning in 57 ms. Found 3 JPA repository interfaces.
2025-09-29T12:55:29.176+05:30 DEBUG 18076 --- [url-shorterner-sb] [           main] o.s.b.f.s.DefaultListableBeanFactory     : Creating shared instance of singleton bean 'springSecurityHandlerMappingIntrospectorBeanDefinitionRegistryPostProcessor'
2025-09-29T12:55:29.263+05:30 DEBUG 18076 --- [url-shorterner-sb] [           main] o.s.b.f.s.DefaultListableBeanFactory     : Creating shared instance of singleton bean 'propertySourcesPlaceholderConfigurer'
2025-09-29T12:55:29.266+05:30 DEBUG 18076 --- [url-shorterner-sb] [           main] o.s.b.f.s.DefaultListableBeanFactory     : Creating shared instance of singleton bean 'org.springframework.boot.test.mock.mockito.MockitoPostProcessor'
2025-09-29T12:55:29.268+05:30 DEBUG 18076 --- [url-shorterner-sb] [           main] o.s.b.f.s.DefaultListableBeanFactory     : Creating shared instance of singleton bean 'emBeanDefinitionRegistrarPostProcessor'
2025-09-29T12:55:29.268+05:30 DEBUG 18076 --- [url-shorterner-sb] [           main] o.s.b.f.s.DefaultListableBeanFactory     : Creating shared instance of singleton bean 'org.springframework.boot.sql.init.dependency.DatabaseInitializationDependencyConfigurer$DependsOnDatabaseInitializationPostProcessor'
2025-09-29T12:55:29.320+05:30 DEBUG 18076 --- [url-shorterner-sb] [           main] o.s.b.f.s.DefaultListableBeanFactory     : Creating shared instance of singleton bean 'org.springframework.context.event.internalEventListenerProcessor'
2025-09-29T12:55:29.322+05:30 DEBUG 18076 --- [url-shorterner-sb] [           main] o.s.b.f.s.DefaultListableBeanFactory     : Creating shared instance of singleton bean 'conversionServicePostProcessor'
2025-09-29T12:55:29.332+05:30 DEBUG 18076 --- [url-shorterner-sb] [           main] o.s.b.f.s.DefaultListableBeanFactory     : Creating shared instance of singleton bean 'preserveErrorControllerTargetClassPostProcessor'
2025-09-29T12:55:29.334+05:30 DEBUG 18076 --- [url-shorterner-sb] [           main] o.s.b.f.s.DefaultListableBeanFactory     : Creating shared instance of singleton bean 'org.springframework.context.event.internalEventListenerFactory'
2025-09-29T12:55:29.334+05:30 DEBUG 18076 --- [url-shorterner-sb] [           main] o.s.b.f.s.DefaultListableBeanFactory     : Creating shared instance of singleton bean 'org.springframework.transaction.config.internalTransactionalEventListenerFactory'
2025-09-29T12:55:29.338+05:30 DEBUG 18076 --- [url-shorterner-sb] [           main] o.s.b.f.s.DefaultListableBeanFactory     : Creating shared instance of singleton bean 'org.springframework.boot.test.mock.mockito.MockitoPostProcessor$SpyPostProcessor'
2025-09-29T12:55:29.340+05:30 DEBUG 18076 --- [url-shorterner-sb] [           main] o.s.b.f.s.DefaultListableBeanFactory     : Creating shared instance of singleton bean 'org.springframework.context.annotation.internalAutowiredAnnotationProcessor'
2025-09-29T12:55:29.342+05:30 DEBUG 18076 --- [url-shorterner-sb] [           main] o.s.b.f.s.DefaultListableBeanFactory     : Creating shared instance of singleton bean 'org.springframework.context.annotation.internalCommonAnnotationProcessor'
2025-09-29T12:55:29.345+05:30 DEBUG 18076 --- [url-shorterner-sb] [           main] o.s.b.f.s.DefaultListableBeanFactory     : Creating shared instance of singleton bean 'org.springframework.context.annotation.internalPersistenceAnnotationProcessor'
2025-09-29T12:55:29.346+05:30 DEBUG 18076 --- [url-shorterner-sb] [           main] o.s.b.f.s.DefaultListableBeanFactory     : Creating shared instance of singleton bean 'org.springframework.boot.context.properties.ConfigurationPropertiesBindingPostProcessor'
2025-09-29T12:55:29.346+05:30 DEBUG 18076 --- [url-shorterner-sb] [           main] o.s.b.f.s.DefaultListableBeanFactory     : Creating shared instance of singleton bean 'org.springframework.boot.context.internalConfigurationPropertiesBinder'
2025-09-29T12:55:29.349+05:30 DEBUG 18076 --- [url-shorterner-sb] [           main] o.s.b.f.s.DefaultListableBeanFactory     : Creating shared instance of singleton bean 'jdbcConnectionDetailsHikariBeanPostProcessor'
2025-09-29T12:55:29.352+05:30 DEBUG 18076 --- [url-shorterner-sb] [           main] o.s.b.f.s.DefaultListableBeanFactory     : Creating shared instance of singleton bean 'org.springframework.aop.config.internalAutoProxyCreator'
2025-09-29T12:55:29.379+05:30 DEBUG 18076 --- [url-shorterner-sb] [           main] o.s.b.f.s.DefaultListableBeanFactory     : Creating shared instance of singleton bean 'persistenceExceptionTranslationPostProcessor'
2025-09-29T12:55:29.398+05:30 DEBUG 18076 --- [url-shorterner-sb] [           main] o.s.b.f.s.DefaultListableBeanFactory     : Autowiring by type from bean name 'persistenceExceptionTranslationPostProcessor' via factory method to bean named 'environment'
2025-09-29T12:55:29.415+05:30 DEBUG 18076 --- [url-shorterner-sb] [           main] o.s.b.f.s.DefaultListableBeanFactory     : Creating shared instance of singleton bean 'webServerFactoryCustomizerBeanPostProcessor'
2025-09-29T12:55:29.416+05:30 DEBUG 18076 --- [url-shorterner-sb] [           main] o.s.b.f.s.DefaultListableBeanFactory     : Creating shared instance of singleton bean 'errorPageRegistrarBeanPostProcessor'
2025-09-29T12:55:29.416+05:30 DEBUG 18076 --- [url-shorterner-sb] [           main] o.s.b.f.s.DefaultListableBeanFactory     : Creating shared instance of singleton bean 'projectingArgumentResolverBeanPostProcessor'
2025-09-29T12:55:29.417+05:30 DEBUG 18076 --- [url-shorterner-sb] [           main] o.s.b.f.s.DefaultListableBeanFactory     : Creating shared instance of singleton bean 'preFilterAuthorizationAdvisor'
2025-09-29T12:55:29.418+05:30 DEBUG 18076 --- [url-shorterner-sb] [           main] o.s.b.f.s.DefaultListableBeanFactory     : Autowiring by type from bean name 'preFilterAuthorizationAdvisor' via factory method to bean named 'org.springframework.web.context.support.GenericWebApplicationContext@c8b96ec'
2025-09-29T12:55:29.436+05:30 DEBUG 18076 --- [url-shorterner-sb] [           main] o.s.b.f.s.DefaultListableBeanFactory     : Creating shared instance of singleton bean 'preAuthorizeAuthorizationAdvisor'
2025-09-29T12:55:29.438+05:30 DEBUG 18076 --- [url-shorterner-sb] [           main] o.s.b.f.s.DefaultListableBeanFactory     : Autowiring by type from bean name 'preAuthorizeAuthorizationAdvisor' via factory method to bean named 'org.springframework.web.context.support.GenericWebApplicationContext@c8b96ec'
2025-09-29T12:55:29.446+05:30 DEBUG 18076 --- [url-shorterner-sb] [           main] o.s.b.f.s.DefaultListableBeanFactory     : Creating shared instance of singleton bean 'postFilterAuthorizationAdvisor'
2025-09-29T12:55:29.447+05:30 DEBUG 18076 --- [url-shorterner-sb] [           main] o.s.b.f.s.DefaultListableBeanFactory     : Autowiring by type from bean name 'postFilterAuthorizationAdvisor' via factory method to bean named 'org.springframework.web.context.support.GenericWebApplicationContext@c8b96ec'
2025-09-29T12:55:29.450+05:30 DEBUG 18076 --- [url-shorterner-sb] [           main] o.s.b.f.s.DefaultListableBeanFactory     : Creating shared instance of singleton bean 'postAuthorizeAuthorizationAdvisor'
2025-09-29T12:55:29.451+05:30 DEBUG 18076 --- [url-shorterner-sb] [           main] o.s.b.f.s.DefaultListableBeanFactory     : Autowiring by type from bean name 'postAuthorizeAuthorizationAdvisor' via factory method to bean named 'org.springframework.web.context.support.GenericWebApplicationContext@c8b96ec'
2025-09-29T12:55:29.456+05:30 DEBUG 18076 --- [url-shorterner-sb] [           main] o.s.b.f.s.DefaultListableBeanFactory     : Creating shared instance of singleton bean 'org.springframework.transaction.config.internalTransactionAdvisor'
2025-09-29T12:55:29.456+05:30 DEBUG 18076 --- [url-shorterner-sb] [           main] o.s.b.f.s.DefaultListableBeanFactory     : Creating shared instance of singleton bean 'org.springframework.transaction.annotation.ProxyTransactionManagementConfiguration'
2025-09-29T12:55:29.472+05:30 DEBUG 18076 --- [url-shorterner-sb] [           main] o.s.b.f.s.DefaultListableBeanFactory     : Creating shared instance of singleton bean 'transactionAttributeSource'
2025-09-29T12:55:29.475+05:30 DEBUG 18076 --- [url-shorterner-sb] [           main] o.s.b.f.s.DefaultListableBeanFactory     : Creating shared instance of singleton bean 'transactionInterceptor'
2025-09-29T12:55:29.476+05:30 DEBUG 18076 --- [url-shorterner-sb] [           main] o.s.b.f.s.DefaultListableBeanFactory     : Autowiring by type from bean name 'transactionInterceptor' via factory method to bean named 'transactionAttributeSource'
2025-09-29T12:55:29.485+05:30 DEBUG 18076 --- [url-shorterner-sb] [           main] o.s.b.f.s.DefaultListableBeanFactory     : Autowiring by type from bean name 'org.springframework.transaction.config.internalTransactionAdvisor' via factory method to bean named 'transactionAttributeSource'
2025-09-29T12:55:29.485+05:30 DEBUG 18076 --- [url-shorterner-sb] [           main] o.s.b.f.s.DefaultListableBeanFactory     : Autowiring by type from bean name 'org.springframework.transaction.config.internalTransactionAdvisor' via factory method to bean named 'transactionInterceptor'
2025-09-29T12:55:29.520+05:30 DEBUG 18076 --- [url-shorterner-sb] [           main] o.s.u.c.s.UiApplicationContextUtils      : Unable to locate ThemeSource with name 'themeSource': using default [org.springframework.ui.context.support.ResourceBundleThemeSource@388623ad]
2025-09-29T12:55:29.521+05:30 DEBUG 18076 --- [url-shorterner-sb] [           main] o.s.b.f.s.DefaultListableBeanFactory     : Creating shared instance of singleton bean 'dataSourceScriptDatabaseInitializer'
2025-09-29T12:55:29.522+05:30 DEBUG 18076 --- [url-shorterner-sb] [           main] o.s.b.f.s.DefaultListableBeanFactory     : Creating shared instance of singleton bean 'org.springframework.boot.autoconfigure.sql.init.DataSourceInitializationConfiguration'
2025-09-29T12:55:29.524+05:30 DEBUG 18076 --- [url-shorterner-sb] [           main] o.s.b.f.s.DefaultListableBeanFactory     : Creating shared instance of singleton bean 'dataSource'
2025-09-29T12:55:29.524+05:30 DEBUG 18076 --- [url-shorterner-sb] [           main] o.s.b.f.s.DefaultListableBeanFactory     : Creating shared instance of singleton bean 'org.springframework.boot.autoconfigure.jdbc.DataSourceConfiguration$Hikari'
2025-09-29T12:55:29.526+05:30 DEBUG 18076 --- [url-shorterner-sb] [           main] o.s.b.f.s.DefaultListableBeanFactory     : Creating shared instance of singleton bean 'spring.datasource-org.springframework.boot.autoconfigure.jdbc.DataSourceProperties'
2025-09-29T12:55:29.528+05:30 DEBUG 18076 --- [url-shorterner-sb] [           main] o.s.b.f.s.DefaultListableBeanFactory     : Creating shared instance of singleton bean 'org.springframework.boot.context.properties.BoundConfigurationProperties'
2025-09-29T12:55:29.549+05:30 DEBUG 18076 --- [url-shorterner-sb] [           main] ySourcesPropertyResolver$DefaultResolver : Found key 'DATABASE_PASSWORD' in PropertySource 'systemEnvironment' with value of type String
2025-09-29T12:55:29.552+05:30 DEBUG 18076 --- [url-shorterner-sb] [           main] ySourcesPropertyResolver$DefaultResolver : Found key 'DATABASE_URL' in PropertySource 'systemEnvironment' with value of type String
2025-09-29T12:55:29.552+05:30 DEBUG 18076 --- [url-shorterner-sb] [           main] ySourcesPropertyResolver$DefaultResolver : Found key 'DATABASE_USERNAME' in PropertySource 'systemEnvironment' with value of type String
2025-09-29T12:55:29.560+05:30 DEBUG 18076 --- [url-shorterner-sb] [           main] o.s.b.f.s.DefaultListableBeanFactory     : Creating shared instance of singleton bean 'jdbcConnectionDetails'
2025-09-29T12:55:29.560+05:30 DEBUG 18076 --- [url-shorterner-sb] [           main] o.s.b.f.s.DefaultListableBeanFactory     : Creating shared instance of singleton bean 'org.springframework.boot.autoconfigure.jdbc.DataSourceAutoConfiguration$PooledDataSourceConfiguration'
2025-09-29T12:55:29.561+05:30 DEBUG 18076 --- [url-shorterner-sb] [           main] o.s.b.f.s.DefaultListableBeanFactory     : Autowiring by type from bean name 'jdbcConnectionDetails' via factory method to bean named 'spring.datasource-org.springframework.boot.autoconfigure.jdbc.DataSourceProperties'
2025-09-29T12:55:29.562+05:30 DEBUG 18076 --- [url-shorterner-sb] [           main] o.s.b.f.s.DefaultListableBeanFactory     : Autowiring by type from bean name 'dataSource' via factory method to bean named 'spring.datasource-org.springframework.boot.autoconfigure.jdbc.DataSourceProperties'
2025-09-29T12:55:29.563+05:30 DEBUG 18076 --- [url-shorterner-sb] [           main] o.s.b.f.s.DefaultListableBeanFactory     : Autowiring by type from bean name 'dataSource' via factory method to bean named 'jdbcConnectionDetails'
2025-09-29T12:55:29.592+05:30 DEBUG 18076 --- [url-shorterner-sb] [           main] o.s.b.f.s.DefaultListableBeanFactory     : Creating shared instance of singleton bean 'spring.sql.init-org.springframework.boot.autoconfigure.sql.init.SqlInitializationProperties'
2025-09-29T12:55:29.595+05:30 DEBUG 18076 --- [url-shorterner-sb] [           main] o.s.b.f.s.DefaultListableBeanFactory     : Autowiring by type from bean name 'dataSourceScriptDatabaseInitializer' via factory method to bean named 'dataSource'
2025-09-29T12:55:29.595+05:30 DEBUG 18076 --- [url-shorterner-sb] [           main] o.s.b.f.s.DefaultListableBeanFactory     : Autowiring by type from bean name 'dataSourceScriptDatabaseInitializer' via factory method to bean named 'spring.sql.init-org.springframework.boot.autoconfigure.sql.init.SqlInitializationProperties'
2025-09-29T12:55:29.603+05:30 DEBUG 18076 --- [url-shorterner-sb] [           main] o.s.b.f.s.DefaultListableBeanFactory     : Creating shared instance of singleton bean 'entityManagerFactory'
2025-09-29T12:55:29.604+05:30 DEBUG 18076 --- [url-shorterner-sb] [           main] o.s.b.f.s.DefaultListableBeanFactory     : Creating shared instance of singleton bean 'org.springframework.boot.autoconfigure.orm.jpa.HibernateJpaConfiguration'
2025-09-29T12:55:29.605+05:30 DEBUG 18076 --- [url-shorterner-sb] [           main] o.s.b.f.s.DefaultListableBeanFactory     : Creating shared instance of singleton bean 'spring.jpa-org.springframework.boot.autoconfigure.orm.jpa.JpaProperties'
2025-09-29T12:55:29.608+05:30 DEBUG 18076 --- [url-shorterner-sb] [           main] ySourcesPropertyResolver$DefaultResolver : Found key 'DATABASE_DIALECT' in PropertySource 'systemEnvironment' with value of type String
2025-09-29T12:55:29.608+05:30 DEBUG 18076 --- [url-shorterner-sb] [           main] ySourcesPropertyResolver$DefaultResolver : Found key 'DATABASE_DIALECT' in PropertySource 'systemEnvironment' with value of type String
2025-09-29T12:55:29.610+05:30 DEBUG 18076 --- [url-shorterner-sb] [           main] o.s.b.f.s.DefaultListableBeanFactory     : Creating shared instance of singleton bean 'spring.jpa.hibernate-org.springframework.boot.autoconfigure.orm.jpa.HibernateProperties'
2025-09-29T12:55:29.612+05:30 DEBUG 18076 --- [url-shorterner-sb] [           main] o.s.b.f.s.DefaultListableBeanFactory     : Autowiring by type from bean name 'org.springframework.boot.autoconfigure.orm.jpa.HibernateJpaConfiguration' via constructor to bean named 'dataSource'
2025-09-29T12:55:29.612+05:30 DEBUG 18076 --- [url-shorterner-sb] [           main] o.s.b.f.s.DefaultListableBeanFactory     : Autowiring by type from bean name 'org.springframework.boot.autoconfigure.orm.jpa.HibernateJpaConfiguration' via constructor to bean named 'spring.jpa-org.springframework.boot.autoconfigure.orm.jpa.JpaProperties'
2025-09-29T12:55:29.612+05:30 DEBUG 18076 --- [url-shorterner-sb] [           main] o.s.b.f.s.DefaultListableBeanFactory     : Autowiring by type from bean name 'org.springframework.boot.autoconfigure.orm.jpa.HibernateJpaConfiguration' via constructor to bean named 'org.springframework.beans.factory.support.DefaultListableBeanFactory@56193c7d'
2025-09-29T12:55:29.612+05:30 DEBUG 18076 --- [url-shorterner-sb] [           main] o.s.b.f.s.DefaultListableBeanFactory     : Autowiring by type from bean name 'org.springframework.boot.autoconfigure.orm.jpa.HibernateJpaConfiguration' via constructor to bean named 'spring.jpa.hibernate-org.springframework.boot.autoconfigure.orm.jpa.HibernateProperties'
2025-09-29T12:55:29.617+05:30 DEBUG 18076 --- [url-shorterner-sb] [           main] o.s.b.f.s.DefaultListableBeanFactory     : Creating shared instance of singleton bean 'hikariPoolDataSourceMetadataProvider'
2025-09-29T12:55:29.618+05:30 DEBUG 18076 --- [url-shorterner-sb] [           main] o.s.b.f.s.DefaultListableBeanFactory     : Creating shared instance of singleton bean 'org.springframework.boot.autoconfigure.jdbc.metadata.DataSourcePoolMetadataProvidersConfiguration$HikariPoolDataSourceMetadataProviderConfiguration'
2025-09-29T12:55:29.627+05:30 DEBUG 18076 --- [url-shorterner-sb] [           main] o.s.b.f.s.DefaultListableBeanFactory     : Creating shared instance of singleton bean 'entityManagerFactoryBuilder'
2025-09-29T12:55:29.629+05:30 DEBUG 18076 --- [url-shorterner-sb] [           main] o.s.b.f.s.DefaultListableBeanFactory     : Creating shared instance of singleton bean 'jpaVendorAdapter'
2025-09-29T12:55:29.650+05:30 DEBUG 18076 --- [url-shorterner-sb] [           main] o.s.b.f.s.DefaultListableBeanFactory     : Autowiring by type from bean name 'entityManagerFactoryBuilder' via factory method to bean named 'jpaVendorAdapter'
2025-09-29T12:55:29.654+05:30 DEBUG 18076 --- [url-shorterner-sb] [           main] o.s.b.f.s.DefaultListableBeanFactory     : Creating shared instance of singleton bean 'persistenceManagedTypes'
2025-09-29T12:55:29.655+05:30 DEBUG 18076 --- [url-shorterner-sb] [           main] o.s.b.f.s.DefaultListableBeanFactory     : Autowiring by type from bean name 'persistenceManagedTypes' via factory method to bean named 'org.springframework.beans.factory.support.DefaultListableBeanFactory@56193c7d'
2025-09-29T12:55:29.655+05:30 DEBUG 18076 --- [url-shorterner-sb] [           main] o.s.b.f.s.DefaultListableBeanFactory     : Autowiring by type from bean name 'persistenceManagedTypes' via factory method to bean named 'org.springframework.web.context.support.GenericWebApplicationContext@c8b96ec'
2025-09-29T12:55:29.667+05:30 DEBUG 18076 --- [url-shorterner-sb] [           main] o.s.b.f.s.DefaultListableBeanFactory     : Autowiring by type from bean name 'entityManagerFactory' via factory method to bean named 'entityManagerFactoryBuilder'
2025-09-29T12:55:29.667+05:30 DEBUG 18076 --- [url-shorterner-sb] [           main] o.s.b.f.s.DefaultListableBeanFactory     : Autowiring by type from bean name 'entityManagerFactory' via factory method to bean named 'persistenceManagedTypes'
2025-09-29T12:55:29.690+05:30 DEBUG 18076 --- [url-shorterner-sb] [           main] j.LocalContainerEntityManagerFactoryBean : Building JPA container EntityManagerFactory for persistence unit 'default'
2025-09-29T12:55:29.726+05:30  INFO 18076 --- [url-shorterner-sb] [           main] o.hibernate.jpa.internal.util.LogHelper  : HHH000204: Processing PersistenceUnitInfo [name: default]
2025-09-29T12:55:29.823+05:30  INFO 18076 --- [url-shorterner-sb] [           main] org.hibernate.Version                    : HHH000412: Hibernate ORM core version 6.4.4.Final
2025-09-29T12:55:29.866+05:30  INFO 18076 --- [url-shorterner-sb] [           main] o.h.c.internal.RegionFactoryInitiator    : HHH000026: Second-level cache disabled
2025-09-29T12:55:30.187+05:30  INFO 18076 --- [url-shorterner-sb] [           main] o.s.o.j.p.SpringPersistenceUnitInfo      : No LoadTimeWeaver setup: ignoring JPA class transformer
2025-09-29T12:55:30.224+05:30  INFO 18076 --- [url-shorterner-sb] [           main] com.zaxxer.hikari.HikariDataSource       : HikariPool-1 - Starting...
2025-09-29T12:55:35.366+05:30  INFO 18076 --- [url-shorterner-sb] [           main] com.zaxxer.hikari.pool.HikariPool        : HikariPool-1 - Added connection org.postgresql.jdbc.PgConnection@7f5e6833
2025-09-29T12:55:35.368+05:30  INFO 18076 --- [url-shorterner-sb] [           main] com.zaxxer.hikari.HikariDataSource       : HikariPool-1 - Start completed.
2025-09-29T12:55:35.722+05:30  WARN 18076 --- [url-shorterner-sb] [           main] org.hibernate.orm.deprecation            : HHH90000025: PostgreSQLDialect does not need to be specified explicitly using 'hibernate.dialect' (remove the property setting and it will be selected by default)
2025-09-29T12:55:37.289+05:30  INFO 18076 --- [url-shorterner-sb] [           main] o.h.e.t.j.p.i.JtaPlatformInitiator       : HHH000489: No JTA platform available (set 'hibernate.transaction.jta.platform' to enable JTA platform integration)
2025-09-29T12:55:41.352+05:30  INFO 18076 --- [url-shorterner-sb] [           main] j.LocalContainerEntityManagerFactoryBean : Initialized JPA EntityManagerFactory for persistence unit 'default'
2025-09-29T12:55:41.368+05:30 DEBUG 18076 --- [url-shorterner-sb] [           main] o.s.b.f.s.DefaultListableBeanFactory     : Creating shared instance of singleton bean 'urlShorternerSbApplication'
2025-09-29T12:55:41.372+05:30 DEBUG 18076 --- [url-shorterner-sb] [           main] o.s.b.f.s.DefaultListableBeanFactory     : Creating shared instance of singleton bean 'authController'
2025-09-29T12:55:41.377+05:30 DEBUG 18076 --- [url-shorterner-sb] [           main] o.s.b.f.s.DefaultListableBeanFactory     : Creating shared instance of singleton bean 'userService'
2025-09-29T12:55:41.378+05:30 DEBUG 18076 --- [url-shorterner-sb] [           main] o.s.b.f.s.DefaultListableBeanFactory     : Creating shared instance of singleton bean 'passwordEncoder'
2025-09-29T12:55:41.379+05:30 DEBUG 18076 --- [url-shorterner-sb] [           main] o.s.b.f.s.DefaultListableBeanFactory     : Creating shared instance of singleton bean 'webSecurityConfig'
2025-09-29T12:55:41.379+05:30 DEBUG 18076 --- [url-shorterner-sb] [           main] o.s.b.f.s.DefaultListableBeanFactory     : Creating shared instance of singleton bean 'userDetailServiceImpl'
2025-09-29T12:55:41.383+05:30 DEBUG 18076 --- [url-shorterner-sb] [           main] o.s.b.f.s.DefaultListableBeanFactory     : Creating shared instance of singleton bean 'userRepository'
2025-09-29T12:55:41.389+05:30 DEBUG 18076 --- [url-shorterner-sb] [           main] o.s.b.f.s.DefaultListableBeanFactory     : Creating shared instance of singleton bean 'jpa.named-queries#2'
2025-09-29T12:55:41.393+05:30 DEBUG 18076 --- [url-shorterner-sb] [           main] o.s.b.f.s.DefaultListableBeanFactory     : Creating shared instance of singleton bean 'jpa.UserRepository.fragments#0'
2025-09-29T12:55:41.403+05:30 DEBUG 18076 --- [url-shorterner-sb] [           main] o.s.b.f.s.DefaultListableBeanFactory     : Creating shared instance of singleton bean 'jpaSharedEM_entityManagerFactory'
2025-09-29T12:55:41.444+05:30 DEBUG 18076 --- [url-shorterner-sb] [           main] o.s.b.f.s.DefaultListableBeanFactory     : Creating shared instance of singleton bean 'jpaMappingContext'
2025-09-29T12:55:41.446+05:30 DEBUG 18076 --- [url-shorterner-sb] [           main] .c.JpaMetamodelMappingContextFactoryBean : Initializing JpaMetamodelMappingContext…
2025-09-29T12:55:41.466+05:30 DEBUG 18076 --- [url-shorterner-sb] [           main] .c.JpaMetamodelMappingContextFactoryBean : Finished initializing JpaMetamodelMappingContext
2025-09-29T12:55:41.499+05:30 DEBUG 18076 --- [url-shorterner-sb] [           main] tor$SharedEntityManagerInvocationHandler : Creating new EntityManager for shared EntityManager invocation
2025-09-29T12:55:41.564+05:30 DEBUG 18076 --- [url-shorterner-sb] [           main] tor$SharedEntityManagerInvocationHandler : Creating new EntityManager for shared EntityManager invocation
2025-09-29T12:55:41.610+05:30 DEBUG 18076 --- [url-shorterner-sb] [           main] o.s.d.r.c.s.RepositoryFactorySupport     : Initializing repository instance for com.url.shorterner.reposiotry.UserRepository…
2025-09-29T12:55:41.629+05:30 DEBUG 18076 --- [url-shorterner-sb] [           main] tor$SharedEntityManagerInvocationHandler : Creating new EntityManager for shared EntityManager invocation
2025-09-29T12:55:41.706+05:30 DEBUG 18076 --- [url-shorterner-sb] [           main] o.s.d.jpa.repository.query.NamedQuery    : Looking up named query User.findByUsername
2025-09-29T12:55:41.709+05:30 DEBUG 18076 --- [url-shorterner-sb] [           main] o.s.d.jpa.repository.query.NamedQuery    : Did not find named query User.findByUsername
2025-09-29T12:55:41.714+05:30 DEBUG 18076 --- [url-shorterner-sb] [           main] tor$SharedEntityManagerInvocationHandler : Creating new EntityManager for shared EntityManager invocation
2025-09-29T12:55:41.776+05:30 DEBUG 18076 --- [url-shorterner-sb] [           main] o.s.d.r.c.s.RepositoryFactorySupport     : Finished creation of repository instance for com.url.shorterner.reposiotry.UserRepository.
2025-09-29T12:55:41.808+05:30 DEBUG 18076 --- [url-shorterner-sb] [           main] o.s.b.f.s.DefaultListableBeanFactory     : Creating shared instance of singleton bean 'jwtAuthenticationFilter'
2025-09-29T12:55:41.809+05:30 DEBUG 18076 --- [url-shorterner-sb] [           main] o.s.b.f.s.DefaultListableBeanFactory     : Creating shared instance of singleton bean 'jwtUtils'
2025-09-29T12:55:41.811+05:30 DEBUG 18076 --- [url-shorterner-sb] [           main] o.s.c.e.PropertySourcesPropertyResolver  : Found key 'jwt.secret' in PropertySource 'environmentProperties' with value of type String
2025-09-29T12:55:41.812+05:30 DEBUG 18076 --- [url-shorterner-sb] [           main] o.s.c.e.PropertySourcesPropertyResolver  : Found key 'jwt.expiration' in PropertySource 'environmentProperties' with value of type String
2025-09-29T12:55:41.816+05:30 DEBUG 18076 --- [url-shorterner-sb] [           main] o.s.b.f.s.DefaultListableBeanFactory     : Autowiring by type from bean name 'webSecurityConfig' via constructor to bean named 'userDetailServiceImpl'
2025-09-29T12:55:41.816+05:30 DEBUG 18076 --- [url-shorterner-sb] [           main] o.s.b.f.s.DefaultListableBeanFactory     : Autowiring by type from bean name 'webSecurityConfig' via constructor to bean named 'jwtAuthenticationFilter'
2025-09-29T12:55:41.820+05:30 DEBUG 18076 --- [url-shorterner-sb] [           main] o.s.b.f.s.DefaultListableBeanFactory     : Creating shared instance of singleton bean 'authenticationManager'
2025-09-29T12:55:41.820+05:30 DEBUG 18076 --- [url-shorterner-sb] [           main] o.s.b.f.s.DefaultListableBeanFactory     : Creating shared instance of singleton bean 'org.springframework.security.config.annotation.authentication.configuration.AuthenticationConfiguration'
2025-09-29T12:55:41.822+05:30 DEBUG 18076 --- [url-shorterner-sb] [           main] o.s.b.f.s.DefaultListableBeanFactory     : Creating shared instance of singleton bean 'enableGlobalAuthenticationAutowiredConfigurer'
2025-09-29T12:55:41.822+05:30 DEBUG 18076 --- [url-shorterner-sb] [           main] o.s.b.f.s.DefaultListableBeanFactory     : Autowiring by type from bean name 'enableGlobalAuthenticationAutowiredConfigurer' via factory method to bean named 'org.springframework.web.context.support.GenericWebApplicationContext@c8b96ec'
2025-09-29T12:55:41.823+05:30 DEBUG 18076 --- [url-shorterner-sb] [           main] o.s.b.f.s.DefaultListableBeanFactory     : Creating shared instance of singleton bean 'initializeUserDetailsBeanManagerConfigurer'
2025-09-29T12:55:41.823+05:30 DEBUG 18076 --- [url-shorterner-sb] [           main] o.s.b.f.s.DefaultListableBeanFactory     : Autowiring by type from bean name 'initializeUserDetailsBeanManagerConfigurer' via factory method to bean named 'org.springframework.web.context.support.GenericWebApplicationContext@c8b96ec'
2025-09-29T12:55:41.825+05:30 DEBUG 18076 --- [url-shorterner-sb] [           main] o.s.b.f.s.DefaultListableBeanFactory     : Creating shared instance of singleton bean 'initializeAuthenticationProviderBeanManagerConfigurer'
2025-09-29T12:55:41.826+05:30 DEBUG 18076 --- [url-shorterner-sb] [           main] o.s.b.f.s.DefaultListableBeanFactory     : Autowiring by type from bean name 'initializeAuthenticationProviderBeanManagerConfigurer' via factory method to bean named 'org.springframework.web.context.support.GenericWebApplicationContext@c8b96ec'
2025-09-29T12:55:41.827+05:30 DEBUG 18076 --- [url-shorterner-sb] [           main] o.s.b.f.s.DefaultListableBeanFactory     : Creating shared instance of singleton bean 'objectPostProcessor'
2025-09-29T12:55:41.828+05:30 DEBUG 18076 --- [url-shorterner-sb] [           main] o.s.b.f.s.DefaultListableBeanFactory     : Creating shared instance of singleton bean 'org.springframework.security.config.annotation.configuration.ObjectPostProcessorConfiguration'
2025-09-29T12:55:41.829+05:30 DEBUG 18076 --- [url-shorterner-sb] [           main] o.s.b.f.s.DefaultListableBeanFactory     : Autowiring by type from bean name 'objectPostProcessor' via factory method to bean named 'org.springframework.beans.factory.support.DefaultListableBeanFactory@56193c7d'
2025-09-29T12:55:41.831+05:30 DEBUG 18076 --- [url-shorterner-sb] [           main] o.s.b.f.s.DefaultListableBeanFactory     : Autowiring by type from bean name 'authenticationManager' via factory method to bean named 'org.springframework.security.config.annotation.authentication.configuration.AuthenticationConfiguration'
2025-09-29T12:55:41.831+05:30 DEBUG 18076 --- [url-shorterner-sb] [           main] o.s.b.f.s.DefaultListableBeanFactory     : Creating shared instance of singleton bean 'authenticationManagerBuilder'
2025-09-29T12:55:41.832+05:30 DEBUG 18076 --- [url-shorterner-sb] [           main] o.s.b.f.s.DefaultListableBeanFactory     : Autowiring by type from bean name 'authenticationManagerBuilder' via factory method to bean named 'objectPostProcessor'
2025-09-29T12:55:41.832+05:30 DEBUG 18076 --- [url-shorterner-sb] [           main] o.s.b.f.s.DefaultListableBeanFactory     : Autowiring by type from bean name 'authenticationManagerBuilder' via factory method to bean named 'org.springframework.web.context.support.GenericWebApplicationContext@c8b96ec'
2025-09-29T12:55:41.834+05:30 DEBUG 18076 --- [url-shorterner-sb] [           main] o.s.b.f.s.DefaultListableBeanFactory     : Creating shared instance of singleton bean 'authenticationEventPublisher'
2025-09-29T12:55:41.834+05:30 DEBUG 18076 --- [url-shorterner-sb] [           main] o.s.b.f.s.DefaultListableBeanFactory     : Creating shared instance of singleton bean 'org.springframework.boot.autoconfigure.security.servlet.SecurityAutoConfiguration'
2025-09-29T12:55:41.834+05:30 DEBUG 18076 --- [url-shorterner-sb] [           main] o.s.b.f.s.DefaultListableBeanFactory     : Autowiring by type from bean name 'authenticationEventPublisher' via factory method to bean named 'org.springframework.web.context.support.GenericWebApplicationContext@c8b96ec'
2025-09-29T12:55:41.849+05:30 DEBUG 18076 --- [url-shorterner-sb] [           main] o.s.b.f.s.DefaultListableBeanFactory     : Creating shared instance of singleton bean 'authenticationProvider'
2025-09-29T12:55:41.866+05:30 DEBUG 18076 --- [url-shorterner-sb] [           main] o.s.b.f.s.DefaultListableBeanFactory     : Autowiring by type from bean name 'userService' via constructor to bean named 'passwordEncoder'
2025-09-29T12:55:41.866+05:30 DEBUG 18076 --- [url-shorterner-sb] [           main] o.s.b.f.s.DefaultListableBeanFactory     : Autowiring by type from bean name 'userService' via constructor to bean named 'userRepository'
2025-09-29T12:55:41.866+05:30 DEBUG 18076 --- [url-shorterner-sb] [           main] o.s.b.f.s.DefaultListableBeanFactory     : Autowiring by type from bean name 'userService' via constructor to bean named 'authenticationManager'
2025-09-29T12:55:41.866+05:30 DEBUG 18076 --- [url-shorterner-sb] [           main] o.s.b.f.s.DefaultListableBeanFactory     : Autowiring by type from bean name 'userService' via constructor to bean named 'jwtUtils'
2025-09-29T12:55:41.867+05:30 DEBUG 18076 --- [url-shorterner-sb] [           main] o.s.b.f.s.DefaultListableBeanFactory     : Autowiring by type from bean name 'authController' via constructor to bean named 'userService'
2025-09-29T12:55:41.868+05:30 DEBUG 18076 --- [url-shorterner-sb] [           main] o.s.b.f.s.DefaultListableBeanFactory     : Creating shared instance of singleton bean 'redirectController'
2025-09-29T12:55:41.870+05:30 DEBUG 18076 --- [url-shorterner-sb] [           main] o.s.b.f.s.DefaultListableBeanFactory     : Creating shared instance of singleton bean 'urlMappingService'
2025-09-29T12:55:41.872+05:30 DEBUG 18076 --- [url-shorterner-sb] [           main] o.s.b.f.s.DefaultListableBeanFactory     : Creating shared instance of singleton bean 'urlMappingRepository'
2025-09-29T12:55:41.874+05:30 DEBUG 18076 --- [url-shorterner-sb] [           main] o.s.b.f.s.DefaultListableBeanFactory     : Creating shared instance of singleton bean 'jpa.named-queries#1'
2025-09-29T12:55:41.876+05:30 DEBUG 18076 --- [url-shorterner-sb] [           main] o.s.b.f.s.DefaultListableBeanFactory     : Creating shared instance of singleton bean 'jpa.UrlMappingRepository.fragments#0'
2025-09-29T12:55:41.877+05:30 DEBUG 18076 --- [url-shorterner-sb] [           main] tor$SharedEntityManagerInvocationHandler : Creating new EntityManager for shared EntityManager invocation
2025-09-29T12:55:41.887+05:30 DEBUG 18076 --- [url-shorterner-sb] [           main] o.s.d.r.c.s.RepositoryFactorySupport     : Initializing repository instance for com.url.shorterner.reposiotry.UrlMappingRepository…
2025-09-29T12:55:41.887+05:30 DEBUG 18076 --- [url-shorterner-sb] [           main] tor$SharedEntityManagerInvocationHandler : Creating new EntityManager for shared EntityManager invocation
2025-09-29T12:55:41.902+05:30 DEBUG 18076 --- [url-shorterner-sb] [           main] o.s.d.jpa.repository.query.NamedQuery    : Looking up named query UrlMapping.findByUser
2025-09-29T12:55:41.903+05:30 DEBUG 18076 --- [url-shorterner-sb] [           main] o.s.d.jpa.repository.query.NamedQuery    : Did not find named query UrlMapping.findByUser
2025-09-29T12:55:41.903+05:30 DEBUG 18076 --- [url-shorterner-sb] [           main] tor$SharedEntityManagerInvocationHandler : Creating new EntityManager for shared EntityManager invocation
2025-09-29T12:55:41.905+05:30 DEBUG 18076 --- [url-shorterner-sb] [           main] o.s.d.jpa.repository.query.NamedQuery    : Looking up named query UrlMapping.findByShortUrl
2025-09-29T12:55:41.906+05:30 DEBUG 18076 --- [url-shorterner-sb] [           main] o.s.d.jpa.repository.query.NamedQuery    : Did not find named query UrlMapping.findByShortUrl
2025-09-29T12:55:41.906+05:30 DEBUG 18076 --- [url-shorterner-sb] [           main] tor$SharedEntityManagerInvocationHandler : Creating new EntityManager for shared EntityManager invocation
2025-09-29T12:55:41.911+05:30 DEBUG 18076 --- [url-shorterner-sb] [           main] o.s.d.r.c.s.RepositoryFactorySupport     : Finished creation of repository instance for com.url.shorterner.reposiotry.UrlMappingRepository.
2025-09-29T12:55:41.914+05:30 DEBUG 18076 --- [url-shorterner-sb] [           main] o.s.b.f.s.DefaultListableBeanFactory     : Creating shared instance of singleton bean 'clickEventRepository'
2025-09-29T12:55:41.915+05:30 DEBUG 18076 --- [url-shorterner-sb] [           main] o.s.b.f.s.DefaultListableBeanFactory     : Creating shared instance of singleton bean 'jpa.named-queries#0'
2025-09-29T12:55:41.916+05:30 DEBUG 18076 --- [url-shorterner-sb] [           main] o.s.b.f.s.DefaultListableBeanFactory     : Creating shared instance of singleton bean 'jpa.ClickEventRepository.fragments#0'
2025-09-29T12:55:41.919+05:30 DEBUG 18076 --- [url-shorterner-sb] [           main] tor$SharedEntityManagerInvocationHandler : Creating new EntityManager for shared EntityManager invocation
2025-09-29T12:55:41.920+05:30 DEBUG 18076 --- [url-shorterner-sb] [           main] o.s.d.r.c.s.RepositoryFactorySupport     : Initializing repository instance for com.url.shorterner.reposiotry.ClickEventRepository…
2025-09-29T12:55:41.920+05:30 DEBUG 18076 --- [url-shorterner-sb] [           main] tor$SharedEntityManagerInvocationHandler : Creating new EntityManager for shared EntityManager invocation
2025-09-29T12:55:41.943+05:30 DEBUG 18076 --- [url-shorterner-sb] [           main] o.s.d.jpa.repository.query.NamedQuery    : Looking up named query ClickEvent.findByUrlMappingInAndClickDateBetween
2025-09-29T12:55:41.943+05:30 DEBUG 18076 --- [url-shorterner-sb] [           main] o.s.d.jpa.repository.query.NamedQuery    : Did not find named query ClickEvent.findByUrlMappingInAndClickDateBetween
2025-09-29T12:55:41.944+05:30 DEBUG 18076 --- [url-shorterner-sb] [           main] tor$SharedEntityManagerInvocationHandler : Creating new EntityManager for shared EntityManager invocation
2025-09-29T12:55:41.950+05:30 DEBUG 18076 --- [url-shorterner-sb] [           main] o.s.d.jpa.repository.query.NamedQuery    : Looking up named query ClickEvent.findByUrlMappingAndClickDateBetween
2025-09-29T12:55:41.950+05:30 DEBUG 18076 --- [url-shorterner-sb] [           main] o.s.d.jpa.repository.query.NamedQuery    : Did not find named query ClickEvent.findByUrlMappingAndClickDateBetween
2025-09-29T12:55:41.950+05:30 DEBUG 18076 --- [url-shorterner-sb] [           main] tor$SharedEntityManagerInvocationHandler : Creating new EntityManager for shared EntityManager invocation
2025-09-29T12:55:41.955+05:30 DEBUG 18076 --- [url-shorterner-sb] [           main] o.s.d.r.c.s.RepositoryFactorySupport     : Finished creation of repository instance for com.url.shorterner.reposiotry.ClickEventRepository.
2025-09-29T12:55:41.957+05:30 DEBUG 18076 --- [url-shorterner-sb] [           main] o.s.b.f.s.DefaultListableBeanFactory     : Autowiring by type from bean name 'urlMappingService' via constructor to bean named 'urlMappingRepository'
2025-09-29T12:55:41.958+05:30 DEBUG 18076 --- [url-shorterner-sb] [           main] o.s.b.f.s.DefaultListableBeanFactory     : Autowiring by type from bean name 'urlMappingService' via constructor to bean named 'clickEventRepository'
2025-09-29T12:55:41.958+05:30 DEBUG 18076 --- [url-shorterner-sb] [           main] o.s.b.f.s.DefaultListableBeanFactory     : Autowiring by type from bean name 'redirectController' via constructor to bean named 'urlMappingService'
2025-09-29T12:55:41.959+05:30 DEBUG 18076 --- [url-shorterner-sb] [           main] o.s.b.f.s.DefaultListableBeanFactory     : Creating shared instance of singleton bean 'urlMappingController'
2025-09-29T12:55:41.960+05:30 DEBUG 18076 --- [url-shorterner-sb] [           main] o.s.b.f.s.DefaultListableBeanFactory     : Autowiring by type from bean name 'urlMappingController' via constructor to bean named 'urlMappingService'
2025-09-29T12:55:41.961+05:30 DEBUG 18076 --- [url-shorterner-sb] [           main] o.s.b.f.s.DefaultListableBeanFactory     : Autowiring by type from bean name 'urlMappingController' via constructor to bean named 'userService'
2025-09-29T12:55:41.972+05:30 DEBUG 18076 --- [url-shorterner-sb] [           main] o.s.b.f.s.DefaultListableBeanFactory     : Creating shared instance of singleton bean 'webConfig'
2025-09-29T12:55:41.972+05:30 DEBUG 18076 --- [url-shorterner-sb] [           main] o.s.c.e.PropertySourcesPropertyResolver  : Found key 'frontend.url' in PropertySource 'environmentProperties' with value of type String
2025-09-29T12:55:41.973+05:30 DEBUG 18076 --- [url-shorterner-sb] [           main] o.s.b.f.s.DefaultListableBeanFactory     : Creating shared instance of singleton bean 'org.springframework.security.config.annotation.web.configuration.WebSecurityConfiguration'
2025-09-29T12:55:41.977+05:30 DEBUG 18076 --- [url-shorterner-sb] [           main] o.s.b.f.s.DefaultListableBeanFactory     : Creating shared instance of singleton bean 'org.springframework.security.config.annotation.web.configuration.HttpSecurityConfiguration'
2025-09-29T12:55:41.980+05:30 DEBUG 18076 --- [url-shorterner-sb] [           main] o.s.b.f.s.DefaultListableBeanFactory     : Creating shared instance of singleton bean 'mvcContentNegotiationManager'
2025-09-29T12:55:41.981+05:30 DEBUG 18076 --- [url-shorterner-sb] [           main] o.s.b.f.s.DefaultListableBeanFactory     : Creating shared instance of singleton bean 'org.springframework.boot.autoconfigure.web.servlet.WebMvcAutoConfiguration$EnableWebMvcConfiguration'
2025-09-29T12:55:41.981+05:30 DEBUG 18076 --- [url-shorterner-sb] [           main] o.s.b.f.s.DefaultListableBeanFactory     : Creating shared instance of singleton bean 'spring.mvc-org.springframework.boot.autoconfigure.web.servlet.WebMvcProperties'
2025-09-29T12:55:41.987+05:30 DEBUG 18076 --- [url-shorterner-sb] [           main] o.s.b.f.s.DefaultListableBeanFactory     : Creating shared instance of singleton bean 'spring.web-org.springframework.boot.autoconfigure.web.WebProperties'
2025-09-29T12:55:41.991+05:30 DEBUG 18076 --- [url-shorterner-sb] [           main] o.s.b.f.s.DefaultListableBeanFactory     : Autowiring by type from bean name 'org.springframework.boot.autoconfigure.web.servlet.WebMvcAutoConfiguration$EnableWebMvcConfiguration' via constructor to bean named 'spring.mvc-org.springframework.boot.autoconfigure.web.servlet.WebMvcProperties'
2025-09-29T12:55:41.991+05:30 DEBUG 18076 --- [url-shorterner-sb] [           main] o.s.b.f.s.DefaultListableBeanFactory     : Autowiring by type from bean name 'org.springframework.boot.autoconfigure.web.servlet.WebMvcAutoConfiguration$EnableWebMvcConfiguration' via constructor to bean named 'spring.web-org.springframework.boot.autoconfigure.web.WebProperties'
2025-09-29T12:55:41.991+05:30 DEBUG 18076 --- [url-shorterner-sb] [           main] o.s.b.f.s.DefaultListableBeanFactory     : Autowiring by type from bean name 'org.springframework.boot.autoconfigure.web.servlet.WebMvcAutoConfiguration$EnableWebMvcConfiguration' via constructor to bean named 'org.springframework.beans.factory.support.DefaultListableBeanFactory@56193c7d'
2025-09-29T12:55:41.997+05:30 DEBUG 18076 --- [url-shorterner-sb] [           main] o.s.b.f.s.DefaultListableBeanFactory     : Creating shared instance of singleton bean 'org.springframework.security.config.annotation.web.configuration.WebMvcSecurityConfiguration'
2025-09-29T12:55:41.998+05:30 DEBUG 18076 --- [url-shorterner-sb] [           main] o.s.b.f.s.DefaultListableBeanFactory     : Creating shared instance of singleton bean 'org.springframework.boot.autoconfigure.web.servlet.WebMvcAutoConfiguration$WebMvcAutoConfigurationAdapter'
2025-09-29T12:55:41.999+05:30 DEBUG 18076 --- [url-shorterner-sb] [           main] o.s.b.f.s.DefaultListableBeanFactory     : Autowiring by type from bean name 'org.springframework.boot.autoconfigure.web.servlet.WebMvcAutoConfiguration$WebMvcAutoConfigurationAdapter' via constructor to bean named 'spring.web-org.springframework.boot.autoconfigure.web.WebProperties'
2025-09-29T12:55:41.999+05:30 DEBUG 18076 --- [url-shorterner-sb] [           main] o.s.b.f.s.DefaultListableBeanFactory     : Autowiring by type from bean name 'org.springframework.boot.autoconfigure.web.servlet.WebMvcAutoConfiguration$WebMvcAutoConfigurationAdapter' via constructor to bean named 'spring.mvc-org.springframework.boot.autoconfigure.web.servlet.WebMvcProperties'
2025-09-29T12:55:41.999+05:30 DEBUG 18076 --- [url-shorterner-sb] [           main] o.s.b.f.s.DefaultListableBeanFactory     : Autowiring by type from bean name 'org.springframework.boot.autoconfigure.web.servlet.WebMvcAutoConfiguration$WebMvcAutoConfigurationAdapter' via constructor to bean named 'org.springframework.beans.factory.support.DefaultListableBeanFactory@56193c7d'
2025-09-29T12:55:42.004+05:30 DEBUG 18076 --- [url-shorterner-sb] [           main] o.s.b.f.s.DefaultListableBeanFactory     : Creating shared instance of singleton bean 'openEntityManagerInViewInterceptorConfigurer'
2025-09-29T12:55:42.004+05:30 DEBUG 18076 --- [url-shorterner-sb] [           main] o.s.b.f.s.DefaultListableBeanFactory     : Creating shared instance of singleton bean 'org.springframework.boot.autoconfigure.orm.jpa.JpaBaseConfiguration$JpaWebConfiguration'
2025-09-29T12:55:42.005+05:30 DEBUG 18076 --- [url-shorterner-sb] [           main] o.s.b.f.s.DefaultListableBeanFactory     : Autowiring by type from bean name 'org.springframework.boot.autoconfigure.orm.jpa.JpaBaseConfiguration$JpaWebConfiguration' via constructor to bean named 'spring.jpa-org.springframework.boot.autoconfigure.orm.jpa.JpaProperties'
2025-09-29T12:55:42.007+05:30 DEBUG 18076 --- [url-shorterner-sb] [           main] o.s.b.f.s.DefaultListableBeanFactory     : Creating shared instance of singleton bean 'openEntityManagerInViewInterceptor'
2025-09-29T12:55:42.007+05:30  WARN 18076 --- [url-shorterner-sb] [           main] JpaBaseConfiguration$JpaWebConfiguration : spring.jpa.open-in-view is enabled by default. Therefore, database queries may be performed during view rendering. Explicitly configure spring.jpa.open-in-view to disable this warning
2025-09-29T12:55:42.011+05:30 DEBUG 18076 --- [url-shorterner-sb] [           main] o.s.b.f.s.DefaultListableBeanFactory     : Autowiring by type from bean name 'openEntityManagerInViewInterceptorConfigurer' via factory method to bean named 'openEntityManagerInViewInterceptor'
2025-09-29T12:55:42.011+05:30 DEBUG 18076 --- [url-shorterner-sb] [           main] o.s.b.f.s.DefaultListableBeanFactory     : Creating shared instance of singleton bean 'org.springframework.data.web.config.SpringDataWebConfiguration'
2025-09-29T12:55:42.012+05:30 DEBUG 18076 --- [url-shorterner-sb] [           main] o.s.b.f.s.DefaultListableBeanFactory     : Autowiring by type from bean name 'org.springframework.data.web.config.SpringDataWebConfiguration' via constructor to bean named 'org.springframework.web.context.support.GenericWebApplicationContext@c8b96ec'
2025-09-29T12:55:42.099+05:30 DEBUG 18076 --- [url-shorterner-sb] [           main] o.s.b.f.s.DefaultListableBeanFactory     : Creating shared instance of singleton bean 'mvcHandlerMappingIntrospectorRequestTransformer'
2025-09-29T12:55:42.100+05:30 DEBUG 18076 --- [url-shorterner-sb] [           main] o.s.b.f.s.DefaultListableBeanFactory     : Creating shared instance of singleton bean 'mvcHandlerMappingIntrospector'
2025-09-29T12:55:42.107+05:30 DEBUG 18076 --- [url-shorterner-sb] [           main] o.s.b.f.s.DefaultListableBeanFactory     : Creating shared instance of singleton bean 'welcomePageHandlerMapping'
2025-09-29T12:55:42.108+05:30 DEBUG 18076 --- [url-shorterner-sb] [           main] o.s.b.f.s.DefaultListableBeanFactory     : Creating shared instance of singleton bean 'mvcConversionService'
2025-09-29T12:55:42.122+05:30 DEBUG 18076 --- [url-shorterner-sb] [           main] o.s.b.f.s.DefaultListableBeanFactory     : Creating shared instance of singleton bean 'mvcResourceUrlProvider'
2025-09-29T12:55:42.126+05:30 DEBUG 18076 --- [url-shorterner-sb] [           main] o.s.b.f.s.DefaultListableBeanFactory     : Autowiring by type from bean name 'welcomePageHandlerMapping' via factory method to bean named 'org.springframework.web.context.support.GenericWebApplicationContext@c8b96ec'
2025-09-29T12:55:42.126+05:30 DEBUG 18076 --- [url-shorterner-sb] [           main] o.s.b.f.s.DefaultListableBeanFactory     : Autowiring by type from bean name 'welcomePageHandlerMapping' via factory method to bean named 'mvcConversionService'
2025-09-29T12:55:42.126+05:30 DEBUG 18076 --- [url-shorterner-sb] [           main] o.s.b.f.s.DefaultListableBeanFactory     : Autowiring by type from bean name 'welcomePageHandlerMapping' via factory method to bean named 'mvcResourceUrlProvider'
2025-09-29T12:55:42.153+05:30 DEBUG 18076 --- [url-shorterner-sb] [           main] o.s.b.f.s.DefaultListableBeanFactory     : Creating shared instance of singleton bean 'welcomePageNotAcceptableHandlerMapping'
2025-09-29T12:55:42.153+05:30 DEBUG 18076 --- [url-shorterner-sb] [           main] o.s.b.f.s.DefaultListableBeanFactory     : Autowiring by type from bean name 'welcomePageNotAcceptableHandlerMapping' via factory method to bean named 'org.springframework.web.context.support.GenericWebApplicationContext@c8b96ec'
2025-09-29T12:55:42.153+05:30 DEBUG 18076 --- [url-shorterner-sb] [           main] o.s.b.f.s.DefaultListableBeanFactory     : Autowiring by type from bean name 'welcomePageNotAcceptableHandlerMapping' via factory method to bean named 'mvcConversionService'
2025-09-29T12:55:42.153+05:30 DEBUG 18076 --- [url-shorterner-sb] [           main] o.s.b.f.s.DefaultListableBeanFactory     : Autowiring by type from bean name 'welcomePageNotAcceptableHandlerMapping' via factory method to bean named 'mvcResourceUrlProvider'
2025-09-29T12:55:42.158+05:30 DEBUG 18076 --- [url-shorterner-sb] [           main] o.s.b.f.s.DefaultListableBeanFactory     : Creating shared instance of singleton bean 'requestMappingHandlerMapping'
2025-09-29T12:55:42.159+05:30 DEBUG 18076 --- [url-shorterner-sb] [           main] o.s.b.f.s.DefaultListableBeanFactory     : Autowiring by type from bean name 'requestMappingHandlerMapping' via factory method to bean named 'mvcContentNegotiationManager'
2025-09-29T12:55:42.159+05:30 DEBUG 18076 --- [url-shorterner-sb] [           main] o.s.b.f.s.DefaultListableBeanFactory     : Autowiring by type from bean name 'requestMappingHandlerMapping' via factory method to bean named 'mvcConversionService'
2025-09-29T12:55:42.159+05:30 DEBUG 18076 --- [url-shorterner-sb] [           main] o.s.b.f.s.DefaultListableBeanFactory     : Autowiring by type from bean name 'requestMappingHandlerMapping' via factory method to bean named 'mvcResourceUrlProvider'
2025-09-29T12:55:42.184+05:30 TRACE 18076 --- [url-shorterner-sb] [           main] s.w.s.m.m.a.RequestMappingHandlerMapping : 
	c.u.s.c.AuthController:
	{POST [/api/auth/public/login]}: loginUser(LoginRequest)
	{POST [/api/auth/public/register]}: registerUser(RegisterRequest)
2025-09-29T12:55:42.187+05:30 TRACE 18076 --- [url-shorterner-sb] [           main] s.w.s.m.m.a.RequestMappingHandlerMapping : 
	c.u.s.c.RedirectController:
	{GET [/{shortUrl}]}: redirect(String)
2025-09-29T12:55:42.189+05:30 TRACE 18076 --- [url-shorterner-sb] [           main] s.w.s.m.m.a.RequestMappingHandlerMapping : 
	c.u.s.c.UrlMappingController:
	{GET [/api/urls/myurls]}: getUserUrls(Principal)
	{GET [/api/urls/analytics/{shortUrl}]}: getUrlAnalytics(String,String,String)
	{POST [/api/urls/shorten]}: createShortUrl(Map,Principal)
	{GET [/api/urls/totalClicks]}: getTotalClicksByDate(Principal,String,String)
2025-09-29T12:55:42.195+05:30 TRACE 18076 --- [url-shorterner-sb] [           main] s.w.s.m.m.a.RequestMappingHandlerMapping : 
	o.s.b.a.w.s.e.BasicErrorController:
	{ [/error]}: error(HttpServletRequest)
	{ [/error], produces [text/html]}: errorHtml(HttpServletRequest,HttpServletResponse)
2025-09-29T12:55:42.197+05:30 DEBUG 18076 --- [url-shorterner-sb] [           main] s.w.s.m.m.a.RequestMappingHandlerMapping : 9 mappings in 'requestMappingHandlerMapping'
2025-09-29T12:55:42.207+05:30 DEBUG 18076 --- [url-shorterner-sb] [           main] o.s.b.f.s.DefaultListableBeanFactory     : Creating shared instance of singleton bean 'viewControllerHandlerMapping'
2025-09-29T12:55:42.208+05:30 DEBUG 18076 --- [url-shorterner-sb] [           main] o.s.b.f.s.DefaultListableBeanFactory     : Autowiring by type from bean name 'viewControllerHandlerMapping' via factory method to bean named 'mvcConversionService'
2025-09-29T12:55:42.208+05:30 DEBUG 18076 --- [url-shorterner-sb] [           main] o.s.b.f.s.DefaultListableBeanFactory     : Autowiring by type from bean name 'viewControllerHandlerMapping' via factory method to bean named 'mvcResourceUrlProvider'
2025-09-29T12:55:42.209+05:30 DEBUG 18076 --- [url-shorterner-sb] [           main] o.s.b.f.s.DefaultListableBeanFactory     : Creating shared instance of singleton bean 'beanNameHandlerMapping'
2025-09-29T12:55:42.209+05:30 DEBUG 18076 --- [url-shorterner-sb] [           main] o.s.b.f.s.DefaultListableBeanFactory     : Autowiring by type from bean name 'beanNameHandlerMapping' via factory method to bean named 'mvcConversionService'
2025-09-29T12:55:42.209+05:30 DEBUG 18076 --- [url-shorterner-sb] [           main] o.s.b.f.s.DefaultListableBeanFactory     : Autowiring by type from bean name 'beanNameHandlerMapping' via factory method to bean named 'mvcResourceUrlProvider'
2025-09-29T12:55:42.211+05:30 DEBUG 18076 --- [url-shorterner-sb] [           main] o.s.w.s.h.BeanNameUrlHandlerMapping      : Detected 0 mappings in 'beanNameHandlerMapping'
2025-09-29T12:55:42.215+05:30 DEBUG 18076 --- [url-shorterner-sb] [           main] o.s.b.f.s.DefaultListableBeanFactory     : Creating shared instance of singleton bean 'routerFunctionMapping'
2025-09-29T12:55:42.216+05:30 DEBUG 18076 --- [url-shorterner-sb] [           main] o.s.b.f.s.DefaultListableBeanFactory     : Autowiring by type from bean name 'routerFunctionMapping' via factory method to bean named 'mvcConversionService'
2025-09-29T12:55:42.216+05:30 DEBUG 18076 --- [url-shorterner-sb] [           main] o.s.b.f.s.DefaultListableBeanFactory     : Autowiring by type from bean name 'routerFunctionMapping' via factory method to bean named 'mvcResourceUrlProvider'
2025-09-29T12:55:42.217+05:30 DEBUG 18076 --- [url-shorterner-sb] [           main] o.s.b.f.s.DefaultListableBeanFactory     : Creating shared instance of singleton bean 'messageConverters'
2025-09-29T12:55:42.217+05:30 DEBUG 18076 --- [url-shorterner-sb] [           main] o.s.b.f.s.DefaultListableBeanFactory     : Creating shared instance of singleton bean 'org.springframework.boot.autoconfigure.http.HttpMessageConvertersAutoConfiguration'
2025-09-29T12:55:42.222+05:30 DEBUG 18076 --- [url-shorterner-sb] [           main] o.s.b.f.s.DefaultListableBeanFactory     : Creating shared instance of singleton bean 'stringHttpMessageConverter'
2025-09-29T12:55:42.222+05:30 DEBUG 18076 --- [url-shorterner-sb] [           main] o.s.b.f.s.DefaultListableBeanFactory     : Creating shared instance of singleton bean 'org.springframework.boot.autoconfigure.http.HttpMessageConvertersAutoConfiguration$StringHttpMessageConverterConfiguration'
2025-09-29T12:55:42.223+05:30 DEBUG 18076 --- [url-shorterner-sb] [           main] o.s.b.f.s.DefaultListableBeanFactory     : Autowiring by type from bean name 'stringHttpMessageConverter' via factory method to bean named 'environment'
2025-09-29T12:55:42.226+05:30 DEBUG 18076 --- [url-shorterner-sb] [           main] o.s.b.f.s.DefaultListableBeanFactory     : Creating shared instance of singleton bean 'mappingJackson2HttpMessageConverter'
2025-09-29T12:55:42.227+05:30 DEBUG 18076 --- [url-shorterner-sb] [           main] o.s.b.f.s.DefaultListableBeanFactory     : Creating shared instance of singleton bean 'org.springframework.boot.autoconfigure.http.JacksonHttpMessageConvertersConfiguration$MappingJackson2HttpMessageConverterConfiguration'
2025-09-29T12:55:42.228+05:30 DEBUG 18076 --- [url-shorterner-sb] [           main] o.s.b.f.s.DefaultListableBeanFactory     : Creating shared instance of singleton bean 'jacksonObjectMapper'
2025-09-29T12:55:42.228+05:30 DEBUG 18076 --- [url-shorterner-sb] [           main] o.s.b.f.s.DefaultListableBeanFactory     : Creating shared instance of singleton bean 'org.springframework.boot.autoconfigure.jackson.JacksonAutoConfiguration$JacksonObjectMapperConfiguration'
2025-09-29T12:55:42.228+05:30 DEBUG 18076 --- [url-shorterner-sb] [           main] o.s.b.f.s.DefaultListableBeanFactory     : Creating shared instance of singleton bean 'org.springframework.boot.autoconfigure.jackson.JacksonAutoConfiguration$JacksonObjectMapperBuilderConfiguration'
2025-09-29T12:55:42.229+05:30 DEBUG 18076 --- [url-shorterner-sb] [           main] o.s.b.f.s.DefaultListableBeanFactory     : Creating shared instance of singleton bean 'standardJacksonObjectMapperBuilderCustomizer'
2025-09-29T12:55:42.229+05:30 DEBUG 18076 --- [url-shorterner-sb] [           main] o.s.b.f.s.DefaultListableBeanFactory     : Creating shared instance of singleton bean 'org.springframework.boot.autoconfigure.jackson.JacksonAutoConfiguration$Jackson2ObjectMapperBuilderCustomizerConfiguration'
2025-09-29T12:55:42.230+05:30 DEBUG 18076 --- [url-shorterner-sb] [           main] o.s.b.f.s.DefaultListableBeanFactory     : Creating shared instance of singleton bean 'spring.jackson-org.springframework.boot.autoconfigure.jackson.JacksonProperties'
2025-09-29T12:55:42.233+05:30 DEBUG 18076 --- [url-shorterner-sb] [           main] o.s.b.f.s.DefaultListableBeanFactory     : Autowiring by type from bean name 'standardJacksonObjectMapperBuilderCustomizer' via factory method to bean named 'spring.jackson-org.springframework.boot.autoconfigure.jackson.JacksonProperties'
2025-09-29T12:55:42.233+05:30 DEBUG 18076 --- [url-shorterner-sb] [           main] o.s.b.f.s.DefaultListableBeanFactory     : Creating shared instance of singleton bean 'parameterNamesModule'
2025-09-29T12:55:42.235+05:30 DEBUG 18076 --- [url-shorterner-sb] [           main] o.s.b.f.s.DefaultListableBeanFactory     : Creating shared instance of singleton bean 'org.springframework.boot.autoconfigure.jackson.JacksonAutoConfiguration$ParameterNamesModuleConfiguration'
2025-09-29T12:55:42.239+05:30 DEBUG 18076 --- [url-shorterner-sb] [           main] o.s.b.f.s.DefaultListableBeanFactory     : Creating shared instance of singleton bean 'jsonMixinModule'
2025-09-29T12:55:42.239+05:30 DEBUG 18076 --- [url-shorterner-sb] [           main] o.s.b.f.s.DefaultListableBeanFactory     : Creating shared instance of singleton bean 'org.springframework.boot.autoconfigure.jackson.JacksonAutoConfiguration$JacksonMixinConfiguration'
2025-09-29T12:55:42.240+05:30 DEBUG 18076 --- [url-shorterner-sb] [           main] o.s.b.f.s.DefaultListableBeanFactory     : Creating shared instance of singleton bean 'jsonMixinModuleEntries'
2025-09-29T12:55:42.240+05:30 DEBUG 18076 --- [url-shorterner-sb] [           main] o.s.b.f.s.DefaultListableBeanFactory     : Autowiring by type from bean name 'jsonMixinModuleEntries' via factory method to bean named 'org.springframework.web.context.support.GenericWebApplicationContext@c8b96ec'
2025-09-29T12:55:42.247+05:30 DEBUG 18076 --- [url-shorterner-sb] [           main] o.s.b.f.s.DefaultListableBeanFactory     : Autowiring by type from bean name 'jsonMixinModule' via factory method to bean named 'org.springframework.web.context.support.GenericWebApplicationContext@c8b96ec'
2025-09-29T12:55:42.247+05:30 DEBUG 18076 --- [url-shorterner-sb] [           main] o.s.b.f.s.DefaultListableBeanFactory     : Autowiring by type from bean name 'jsonMixinModule' via factory method to bean named 'jsonMixinModuleEntries'
2025-09-29T12:55:42.249+05:30 DEBUG 18076 --- [url-shorterner-sb] [           main] o.s.b.f.s.DefaultListableBeanFactory     : Creating shared instance of singleton bean 'jsonComponentModule'
2025-09-29T12:55:42.249+05:30 DEBUG 18076 --- [url-shorterner-sb] [           main] o.s.b.f.s.DefaultListableBeanFactory     : Creating shared instance of singleton bean 'org.springframework.boot.autoconfigure.jackson.JacksonAutoConfiguration'
2025-09-29T12:55:42.253+05:30 DEBUG 18076 --- [url-shorterner-sb] [           main] o.s.b.f.s.DefaultListableBeanFactory     : Creating shared instance of singleton bean 'jacksonGeoModule'
2025-09-29T12:55:42.254+05:30 DEBUG 18076 --- [url-shorterner-sb] [           main] o.s.b.f.s.DefaultListableBeanFactory     : Creating shared instance of singleton bean 'org.springframework.data.web.config.SpringDataJacksonConfiguration'
2025-09-29T12:55:42.257+05:30 DEBUG 18076 --- [url-shorterner-sb] [           main] o.s.b.f.s.DefaultListableBeanFactory     : Creating shared instance of singleton bean 'pageModule'
2025-09-29T12:55:42.259+05:30 DEBUG 18076 --- [url-shorterner-sb] [           main] o.s.b.f.s.DefaultListableBeanFactory     : Autowiring by type from bean name 'jacksonObjectMapperBuilder' via factory method to bean named 'org.springframework.web.context.support.GenericWebApplicationContext@c8b96ec'
2025-09-29T12:55:42.259+05:30 DEBUG 18076 --- [url-shorterner-sb] [           main] o.s.b.f.s.DefaultListableBeanFactory     : Autowiring by type from bean name 'jacksonObjectMapperBuilder' via factory method to bean named 'standardJacksonObjectMapperBuilderCustomizer'
2025-09-29T12:55:42.263+05:30 DEBUG 18076 --- [url-shorterner-sb] [           main] o.s.b.f.s.DefaultListableBeanFactory     : Autowiring by type from bean name 'jacksonObjectMapper' via factory method to bean named 'jacksonObjectMapperBuilder'
2025-09-29T12:55:42.281+05:30 DEBUG 18076 --- [url-shorterner-sb] [           main] o.s.b.f.s.DefaultListableBeanFactory     : Autowiring by type from bean name 'mappingJackson2HttpMessageConverter' via factory method to bean named 'jacksonObjectMapper'
2025-09-29T12:55:42.322+05:30 TRACE 18076 --- [url-shorterner-sb] [           main] o.s.w.s.f.support.RouterFunctionMapping  : 0 RouterFunction(s) in 'routerFunctionMapping'
2025-09-29T12:55:42.323+05:30 DEBUG 18076 --- [url-shorterner-sb] [           main] o.s.b.f.s.DefaultListableBeanFactory     : Creating shared instance of singleton bean 'resourceHandlerMapping'
2025-09-29T12:55:42.324+05:30 DEBUG 18076 --- [url-shorterner-sb] [           main] o.s.b.f.s.DefaultListableBeanFactory     : Autowiring by type from bean name 'resourceHandlerMapping' via factory method to bean named 'mvcContentNegotiationManager'
2025-09-29T12:55:42.324+05:30 DEBUG 18076 --- [url-shorterner-sb] [           main] o.s.b.f.s.DefaultListableBeanFactory     : Autowiring by type from bean name 'resourceHandlerMapping' via factory method to bean named 'mvcConversionService'
2025-09-29T12:55:42.324+05:30 DEBUG 18076 --- [url-shorterner-sb] [           main] o.s.b.f.s.DefaultListableBeanFactory     : Autowiring by type from bean name 'resourceHandlerMapping' via factory method to bean named 'mvcResourceUrlProvider'
2025-09-29T12:55:42.340+05:30 TRACE 18076 --- [url-shorterner-sb] [           main] o.s.w.s.handler.SimpleUrlHandlerMapping  : Mapped [/webjars/**] onto ResourceHttpRequestHandler [classpath [META-INF/resources/webjars/]]
2025-09-29T12:55:42.340+05:30 TRACE 18076 --- [url-shorterner-sb] [           main] o.s.w.s.handler.SimpleUrlHandlerMapping  : Mapped [/**] onto ResourceHttpRequestHandler [classpath [META-INF/resources/], classpath [resources/], classpath [static/], classpath [public/], ServletContext [/]]
2025-09-29T12:55:42.340+05:30 DEBUG 18076 --- [url-shorterner-sb] [           main] o.s.w.s.handler.SimpleUrlHandlerMapping  : Patterns [/webjars/**, /**] in 'resourceHandlerMapping'
2025-09-29T12:55:42.342+05:30 DEBUG 18076 --- [url-shorterner-sb] [           main] o.s.b.f.s.DefaultListableBeanFactory     : Creating shared instance of singleton bean 'defaultServletHandlerMapping'
2025-09-29T12:55:42.350+05:30 DEBUG 18076 --- [url-shorterner-sb] [           main] o.s.b.f.s.DefaultListableBeanFactory     : Creating shared instance of singleton bean 'filterChain'
2025-09-29T12:55:42.351+05:30 DEBUG 18076 --- [url-shorterner-sb] [           main] o.s.b.f.s.DefaultListableBeanFactory     : Autowiring by type from bean name 'filterChain' via factory method to bean named 'org.springframework.security.config.annotation.web.configuration.HttpSecurityConfiguration.httpSecurity'
2025-09-29T12:55:42.411+05:30  INFO 18076 --- [url-shorterner-sb] [           main] o.s.s.web.DefaultSecurityFilterChain     : Will secure any request with [org.springframework.security.web.session.DisableEncodeUrlFilter@19877453, org.springframework.security.web.context.request.async.WebAsyncManagerIntegrationFilter@49bf5ec8, org.springframework.security.web.context.SecurityContextHolderFilter@23a9400c, org.springframework.security.web.header.HeaderWriterFilter@51eeae0a, org.springframework.web.filter.CorsFilter@18174bd9, org.springframework.security.web.authentication.logout.LogoutFilter@d8cece4, com.url.shorterner.security.jwt.JwtAuthenticationFilter@1f7b8d59, org.springframework.security.web.savedrequest.RequestCacheAwareFilter@6731b6bd, org.springframework.security.web.servletapi.SecurityContextHolderAwareRequestFilter@768f2398, org.springframework.security.web.authentication.AnonymousAuthenticationFilter@3af6d7a7, org.springframework.security.web.access.ExceptionTranslationFilter@1d77d9c6, org.springframework.security.web.access.intercept.AuthorizationFilter@48e3017a]
2025-09-29T12:55:42.413+05:30 DEBUG 18076 --- [url-shorterner-sb] [           main] o.s.b.f.s.DefaultListableBeanFactory     : Creating shared instance of singleton bean 'delegatingApplicationListener'
2025-09-29T12:55:42.414+05:30 DEBUG 18076 --- [url-shorterner-sb] [           main] o.s.b.f.s.DefaultListableBeanFactory     : Creating shared instance of singleton bean 'springSecurityFilterChain'
2025-09-29T12:55:42.428+05:30 DEBUG 18076 --- [url-shorterner-sb] [           main] o.s.b.f.s.DefaultListableBeanFactory     : Creating shared instance of singleton bean 'webSecurityExpressionHandler'
2025-09-29T12:55:42.428+05:30 DEBUG 18076 --- [url-shorterner-sb] [           main] o.s.b.f.s.DefaultListableBeanFactory     : Creating shared instance of singleton bean 'privilegeEvaluator'
2025-09-29T12:55:42.430+05:30 DEBUG 18076 --- [url-shorterner-sb] [           main] o.s.b.f.s.DefaultListableBeanFactory     : Creating shared instance of singleton bean 'requestDataValueProcessor'
2025-09-29T12:55:42.431+05:30 DEBUG 18076 --- [url-shorterner-sb] [           main] o.s.b.f.s.DefaultListableBeanFactory     : Creating shared instance of singleton bean 'org.springframework.security.config.annotation.method.configuration.PrePostMethodSecurityConfiguration'
2025-09-29T12:55:42.432+05:30 DEBUG 18076 --- [url-shorterner-sb] [           main] o.s.b.f.s.DefaultListableBeanFactory     : Creating shared instance of singleton bean 'preFilterAuthorizationMethodInterceptor'
2025-09-29T12:55:42.432+05:30 DEBUG 18076 --- [url-shorterner-sb] [           main] o.s.b.f.s.DefaultListableBeanFactory     : Autowiring by type from bean name 'preFilterAuthorizationMethodInterceptor' via factory method to bean named 'org.springframework.web.context.support.GenericWebApplicationContext@c8b96ec'
2025-09-29T12:55:42.432+05:30 DEBUG 18076 --- [url-shorterner-sb] [           main] o.s.b.f.s.DefaultListableBeanFactory     : Creating shared instance of singleton bean 'preAuthorizeAuthorizationMethodInterceptor'
2025-09-29T12:55:42.432+05:30 DEBUG 18076 --- [url-shorterner-sb] [           main] o.s.b.f.s.DefaultListableBeanFactory     : Autowiring by type from bean name 'preAuthorizeAuthorizationMethodInterceptor' via factory method to bean named 'org.springframework.web.context.support.GenericWebApplicationContext@c8b96ec'
2025-09-29T12:55:42.432+05:30 DEBUG 18076 --- [url-shorterner-sb] [           main] o.s.b.f.s.DefaultListableBeanFactory     : Creating shared instance of singleton bean 'postAuthorizeAuthorizationMethodInterceptor'
2025-09-29T12:55:42.433+05:30 DEBUG 18076 --- [url-shorterner-sb] [           main] o.s.b.f.s.DefaultListableBeanFactory     : Autowiring by type from bean name 'postAuthorizeAuthorizationMethodInterceptor' via factory method to bean named 'org.springframework.web.context.support.GenericWebApplicationContext@c8b96ec'
2025-09-29T12:55:42.433+05:30 DEBUG 18076 --- [url-shorterner-sb] [           main] o.s.b.f.s.DefaultListableBeanFactory     : Creating shared instance of singleton bean 'postFilterAuthorizationMethodInterceptor'
2025-09-29T12:55:42.433+05:30 DEBUG 18076 --- [url-shorterner-sb] [           main] o.s.b.f.s.DefaultListableBeanFactory     : Autowiring by type from bean name 'postFilterAuthorizationMethodInterceptor' via factory method to bean named 'org.springframework.web.context.support.GenericWebApplicationContext@c8b96ec'
2025-09-29T12:55:42.433+05:30 DEBUG 18076 --- [url-shorterner-sb] [           main] o.s.b.f.s.DefaultListableBeanFactory     : Creating shared instance of singleton bean 'org.springframework.boot.autoconfigure.context.PropertyPlaceholderAutoConfiguration'
2025-09-29T12:55:42.433+05:30 DEBUG 18076 --- [url-shorterner-sb] [           main] o.s.b.f.s.DefaultListableBeanFactory     : Creating shared instance of singleton bean 'org.springframework.boot.autoconfigure.ssl.SslAutoConfiguration'
2025-09-29T12:55:42.433+05:30 DEBUG 18076 --- [url-shorterner-sb] [           main] o.s.b.f.s.DefaultListableBeanFactory     : Creating shared instance of singleton bean 'spring.ssl-org.springframework.boot.autoconfigure.ssl.SslProperties'
2025-09-29T12:55:42.435+05:30 DEBUG 18076 --- [url-shorterner-sb] [           main] o.s.b.f.s.DefaultListableBeanFactory     : Autowiring by type from bean name 'org.springframework.boot.autoconfigure.ssl.SslAutoConfiguration' via constructor to bean named 'spring.ssl-org.springframework.boot.autoconfigure.ssl.SslProperties'
2025-09-29T12:55:42.435+05:30 DEBUG 18076 --- [url-shorterner-sb] [           main] o.s.b.f.s.DefaultListableBeanFactory     : Creating shared instance of singleton bean 'fileWatcher'
2025-09-29T12:55:42.437+05:30 DEBUG 18076 --- [url-shorterner-sb] [           main] o.s.b.f.s.DefaultListableBeanFactory     : Creating shared instance of singleton bean 'sslPropertiesSslBundleRegistrar'
2025-09-29T12:55:42.438+05:30 DEBUG 18076 --- [url-shorterner-sb] [           main] o.s.b.f.s.DefaultListableBeanFactory     : Autowiring by type from bean name 'sslPropertiesSslBundleRegistrar' via factory method to bean named 'fileWatcher'
2025-09-29T12:55:42.440+05:30 DEBUG 18076 --- [url-shorterner-sb] [           main] o.s.b.f.s.DefaultListableBeanFactory     : Creating shared instance of singleton bean 'sslBundleRegistry'
[...]

   ReactiveWebServerFactoryAutoConfiguration:
      Did not match:
         - @ConditionalOnWebApplication did not find reactive web application classes (OnWebApplicationCondition)

   ReactorAutoConfiguration:
      Did not match:
         - @ConditionalOnClass did not find required class 'reactor.core.publisher.Hooks' (OnClassCondition)

   RedisAutoConfiguration:
      Did not match:
         - @ConditionalOnClass did not find required class 'org.springframework.data.redis.core.RedisOperations' (OnClassCondition)

   RedisCacheConfiguration:
      Did not match:
         - @ConditionalOnClass did not find required class 'org.springframework.data.redis.connection.RedisConnectionFactory' (OnClassCondition)

   RedisReactiveAutoConfiguration:
      Did not match:
         - @ConditionalOnClass did not find required class 'reactor.core.publisher.Flux' (OnClassCondition)

   RedisRepositoriesAutoConfiguration:
      Did not match:
         - @ConditionalOnClass did not find required class 'org.springframework.data.redis.repository.configuration.EnableRedisRepositories' (OnClassCondition)

   RepositoryRestMvcAutoConfiguration:
      Did not match:
         - @ConditionalOnClass did not find required class 'org.springframework.data.rest.webmvc.config.RepositoryRestMvcConfiguration' (OnClassCondition)

   Saml2RelyingPartyAutoConfiguration:
      Did not match:
         - @ConditionalOnClass did not find required class 'org.springframework.security.saml2.provider.service.registration.RelyingPartyRegistrationRepository' (OnClassCondition)

   SecurityDataConfiguration:
      Did not match:
         - @ConditionalOnClass did not find required class 'org.springframework.security.data.repository.query.SecurityEvaluationContextExtension' (OnClassCondition)

   SendGridAutoConfiguration:
      Did not match:
         - @ConditionalOnClass did not find required class 'com.sendgrid.SendGrid' (OnClassCondition)

   ServletWebServerFactoryAutoConfiguration.ForwardedHeaderFilterConfiguration:
      Did not match:
         - @ConditionalOnProperty (server.forward-headers-strategy=framework) did not find property 'server.forward-headers-strategy' (OnPropertyCondition)

   ServletWebServerFactoryConfiguration.EmbeddedJetty:
      Did not match:
         - @ConditionalOnClass did not find required classes 'org.eclipse.jetty.server.Server', 'org.eclipse.jetty.util.Loader', 'org.eclipse.jetty.ee10.webapp.WebAppContext' (OnClassCondition)

   ServletWebServerFactoryConfiguration.EmbeddedUndertow:
      Did not match:
         - @ConditionalOnClass did not find required classes 'io.undertow.Undertow', 'org.xnio.SslClientAuthMode' (OnClassCondition)

   SessionAutoConfiguration:
      Did not match:
         - @ConditionalOnClass did not find required class 'org.springframework.session.Session' (OnClassCondition)

   SpringApplicationAdminJmxAutoConfiguration:
      Did not match:
         - @ConditionalOnProperty (spring.application.admin.enabled=true) did not find property 'enabled' (OnPropertyCondition)

   SpringBootWebSecurityConfiguration.SecurityFilterChainConfiguration:
      Did not match:
         - AllNestedConditions 1 matched 1 did not; NestedCondition on DefaultWebSecurityCondition.Beans @ConditionalOnMissingBean (types: org.springframework.security.web.SecurityFilterChain; SearchStrategy: all) found beans of type 'org.springframework.security.web.SecurityFilterChain' filterChain; NestedCondition on DefaultWebSecurityCondition.Classes @ConditionalOnClass found required classes 'org.springframework.security.web.SecurityFilterChain', 'org.springframework.security.config.annotation.web.builders.HttpSecurity' (DefaultWebSecurityCondition)

   SpringBootWebSecurityConfiguration.WebSecurityEnablerConfiguration:
      Did not match:
         - @ConditionalOnMissingBean (names: springSecurityFilterChain; SearchStrategy: all) found beans named springSecurityFilterChain (OnBeanCondition)
      Matched:
         - @ConditionalOnClass found required class 'org.springframework.security.config.annotation.web.configuration.EnableWebSecurity' (OnClassCondition)

   TaskExecutorConfigurations.SimpleAsyncTaskExecutorBuilderConfiguration#simpleAsyncTaskExecutorBuilderVirtualThreads:
      Did not match:
         - @ConditionalOnMissingBean (types: org.springframework.boot.task.SimpleAsyncTaskExecutorBuilder; SearchStrategy: all) found beans of type 'org.springframework.boot.task.SimpleAsyncTaskExecutorBuilder' simpleAsyncTaskExecutorBuilder (OnBeanCondition)

   TaskExecutorConfigurations.TaskExecutorConfiguration#applicationTaskExecutorVirtualThreads:
      Did not match:
         - @ConditionalOnThreading did not find VIRTUAL (OnThreadingCondition)

   TaskSchedulingAutoConfiguration#scheduledBeanLazyInitializationExcludeFilter:
      Did not match:
         - @ConditionalOnBean (names: org.springframework.context.annotation.internalScheduledAnnotationProcessor; SearchStrategy: all) did not find any beans named org.springframework.context.annotation.internalScheduledAnnotationProcessor (OnBeanCondition)

   TaskSchedulingConfigurations.SimpleAsyncTaskSchedulerBuilderConfiguration#simpleAsyncTaskSchedulerBuilderVirtualThreads:
      Did not match:
         - @ConditionalOnMissingBean (types: org.springframework.boot.task.SimpleAsyncTaskSchedulerBuilder; SearchStrategy: all) found beans of type 'org.springframework.boot.task.SimpleAsyncTaskSchedulerBuilder' simpleAsyncTaskSchedulerBuilder (OnBeanCondition)

   TaskSchedulingConfigurations.TaskSchedulerConfiguration:
      Did not match:
         - @ConditionalOnBean (names: org.springframework.context.annotation.internalScheduledAnnotationProcessor; SearchStrategy: all) did not find any beans named org.springframework.context.annotation.internalScheduledAnnotationProcessor (OnBeanCondition)

   ThymeleafAutoConfiguration:
      Did not match:
         - @ConditionalOnClass did not find required class 'org.thymeleaf.spring6.SpringTemplateEngine' (OnClassCondition)

   TransactionAutoConfiguration#transactionalOperator:
      Did not match:
         - @ConditionalOnSingleCandidate (types: org.springframework.transaction.ReactiveTransactionManager; SearchStrategy: all) did not find any beans (OnBeanCondition)

   TransactionAutoConfiguration.AspectJTransactionManagementConfiguration:
      Did not match:
         - @ConditionalOnBean (types: org.springframework.transaction.aspectj.AbstractTransactionAspect; SearchStrategy: all) did not find any beans of type org.springframework.transaction.aspectj.AbstractTransactionAspect (OnBeanCondition)

   TransactionAutoConfiguration.EnableTransactionManagementConfiguration.JdkDynamicAutoProxyConfiguration:
      Did not match:
         - @ConditionalOnProperty (spring.aop.proxy-target-class=false) did not find property 'proxy-target-class' (OnPropertyCondition)

   UserDetailsServiceAutoConfiguration:
      Did not match:
         - @ConditionalOnMissingBean (types: org.springframework.security.authentication.AuthenticationManager,org.springframework.security.authentication.AuthenticationProvider,org.springframework.security.core.userdetails.UserDetailsService,org.springframework.security.authentication.AuthenticationManagerResolver,org.springframework.security.oauth2.jwt.JwtDecoder; SearchStrategy: all) found beans of type 'org.springframework.security.authentication.AuthenticationManager' authenticationManager and found beans of type 'org.springframework.security.core.userdetails.UserDetailsService' userDetailServiceImpl and found beans of type 'org.springframework.security.authentication.AuthenticationProvider' authenticationProvider (OnBeanCondition)
      Matched:
         - @ConditionalOnClass found required class 'org.springframework.security.authentication.AuthenticationManager' (OnClassCondition)
         - AnyNestedCondition 1 matched 2 did not; NestedCondition on UserDetailsServiceAutoConfiguration.MissingAlternativeOrUserPropertiesConfigured.PasswordConfigured @ConditionalOnProperty (spring.security.user.password) did not find property 'password'; NestedCondition on UserDetailsServiceAutoConfiguration.MissingAlternativeOrUserPropertiesConfigured.NameConfigured @ConditionalOnProperty (spring.security.user.name) did not find property 'name'; NestedCondition on UserDetailsServiceAutoConfiguration.MissingAlternativeOrUserPropertiesConfigured.MissingAlternative @ConditionalOnMissingClass did not find unwanted classes 'org.springframework.security.oauth2.client.registration.ClientRegistrationRepository', 'org.springframework.security.oauth2.server.resource.introspection.OpaqueTokenIntrospector', 'org.springframework.security.saml2.provider.service.registration.RelyingPartyRegistrationRepository' (UserDetailsServiceAutoConfiguration.MissingAlternativeOrUserPropertiesConfigured)

   ValidationAutoConfiguration:
      Did not match:
         - @ConditionalOnClass did not find required class 'jakarta.validation.executable.ExecutableValidator' (OnClassCondition)

   WebClientAutoConfiguration:
      Did not match:
         - @ConditionalOnClass did not find required class 'org.springframework.web.reactive.function.client.WebClient' (OnClassCondition)

   WebFluxAutoConfiguration:
      Did not match:
         - @ConditionalOnClass did not find required class 'org.springframework.web.reactive.config.WebFluxConfigurer' (OnClassCondition)

   WebMvcAutoConfiguration#hiddenHttpMethodFilter:
      Did not match:
         - @ConditionalOnProperty (spring.mvc.hiddenmethod.filter.enabled) did not find property 'enabled' (OnPropertyCondition)

   WebMvcAutoConfiguration.ProblemDetailsErrorHandlingConfiguration:
      Did not match:
         - @ConditionalOnProperty (spring.mvc.problemdetails.enabled=true) did not find property 'enabled' (OnPropertyCondition)

   WebMvcAutoConfiguration.ResourceChainCustomizerConfiguration:
      Did not match:
         - @ConditionalOnEnabledResourceChain did not find class org.webjars.WebJarAssetLocator (OnEnabledResourceChainCondition)

   WebMvcAutoConfiguration.WebMvcAutoConfigurationAdapter#beanNameViewResolver:
      Did not match:
         - @ConditionalOnMissingBean (types: org.springframework.web.servlet.view.BeanNameViewResolver; SearchStrategy: all) found beans of type 'org.springframework.web.servlet.view.BeanNameViewResolver' beanNameViewResolver (OnBeanCondition)

   WebServiceTemplateAutoConfiguration:
      Did not match:
         - @ConditionalOnClass did not find required class 'org.springframework.oxm.Marshaller' (OnClassCondition)

   WebServicesAutoConfiguration:
      Did not match:
         - @ConditionalOnClass did not find required class 'org.springframework.ws.transport.http.MessageDispatcherServlet' (OnClassCondition)

   WebSessionIdResolverAutoConfiguration:
      Did not match:
         - @ConditionalOnClass did not find required class 'reactor.core.publisher.Mono' (OnClassCondition)

   WebSocketMessagingAutoConfiguration:
      Did not match:
         - @ConditionalOnClass did not find required class 'org.springframework.web.socket.config.annotation.WebSocketMessageBrokerConfigurer' (OnClassCondition)

   WebSocketReactiveAutoConfiguration:
      Did not match:
         - @ConditionalOnWebApplication did not find reactive web application classes (OnWebApplicationCondition)

   WebSocketServletAutoConfiguration.JettyWebSocketConfiguration:
      Did not match:
         - @ConditionalOnClass did not find required class 'org.eclipse.jetty.ee10.websocket.jakarta.server.config.JakartaWebSocketServletContainerInitializer' (OnClassCondition)

   WebSocketServletAutoConfiguration.UndertowWebSocketConfiguration:
      Did not match:
         - @ConditionalOnClass did not find required class 'io.undertow.websockets.jsr.Bootstrap' (OnClassCondition)

   XADataSourceAutoConfiguration:
      Did not match:
         - @ConditionalOnBean (types: org.springframework.boot.jdbc.XADataSourceWrapper; SearchStrategy: all) did not find any beans of type org.springframework.boot.jdbc.XADataSourceWrapper (OnBeanCondition)
      Matched:
         - @ConditionalOnClass found required classes 'javax.sql.DataSource', 'jakarta.transaction.TransactionManager', 'org.springframework.jdbc.datasource.embedded.EmbeddedDatabaseType' (OnClassCondition)


Exclusions:
-----------

    None


Unconditional classes:
----------------------

    org.springframework.boot.autoconfigure.context.ConfigurationPropertiesAutoConfiguration

    org.springframework.boot.autoconfigure.ssl.SslAutoConfiguration

    org.springframework.boot.autoconfigure.context.LifecycleAutoConfiguration

    org.springframework.boot.autoconfigure.context.PropertyPlaceholderAutoConfiguration

    org.springframework.boot.autoconfigure.availability.ApplicationAvailabilityAutoConfiguration

    org.springframework.boot.autoconfigure.info.ProjectInfoAutoConfiguration



2025-09-29T12:55:42.800+05:30  INFO 18076 --- [url-shorterner-sb] [           main] c.u.s.UrlShorternerSbApplicationTests    : Started UrlShorternerSbApplicationTests in 14.929 seconds (process running for 16.054)
2025-09-29T12:55:42.801+05:30 DEBUG 18076 --- [url-shorterner-sb] [           main] o.s.b.a.ApplicationAvailabilityBean      : Application availability state LivenessState changed to CORRECT
2025-09-29T12:55:42.804+05:30 DEBUG 18076 --- [url-shorterner-sb] [           main] o.s.b.a.ApplicationAvailabilityBean      : Application availability state ReadinessState changed to ACCEPTING_TRAFFIC
2025-09-29T12:55:42.808+05:30 DEBUG 18076 --- [url-shorterner-sb] [           main] org.springframework.test.context.cache   : Spring test ApplicationContext cache statistics: [DefaultContextCache@752e50c6 size = 1, maxSize = 32, parentContextCount = 0, hitCount = 0, missCount = 1, failureCount = 0]
2025-09-29T12:55:42.809+05:30 DEBUG 18076 --- [url-shorterner-sb] [           main] o.s.t.c.w.ServletTestExecutionListener   : Setting up MockHttpServletRequest, MockHttpServletResponse, ServletWebRequest, and RequestContextHolder for test class com.url.shorterner.UrlShorternerSbApplicationTests
2025-09-29T12:55:42.824+05:30 DEBUG 18076 --- [url-shorterner-sb] [           main] DependencyInjectionTestExecutionListener : Performing dependency injection for test class com.url.shorterner.UrlShorternerSbApplicationTests
2025-09-29T12:55:42.825+05:30 DEBUG 18076 --- [url-shorterner-sb] [           main] org.springframework.test.context.cache   : Spring test ApplicationContext cache statistics: [DefaultContextCache@752e50c6 size = 1, maxSize = 32, parentContextCount = 0, hitCount = 1, missCount = 1, failureCount = 0]
2025-09-29T12:55:42.825+05:30 DEBUG 18076 --- [url-shorterner-sb] [           main] org.springframework.test.context.cache   : Spring test ApplicationContext cache statistics: [DefaultContextCache@752e50c6 size = 1, maxSize = 32, parentContextCount = 0, hitCount = 2, missCount = 1, failureCount = 0]
2025-09-29T12:55:42.833+05:30 DEBUG 18076 --- [url-shorterner-sb] [           main] sContextBeforeModesTestExecutionListener : Before test method: class [UrlShorternerSbApplicationTests], method [contextLoads], class annotated with @DirtiesContext [false] with mode [null], method annotated with @DirtiesContext [false] with mode [null]
2025-09-29T12:55:42.836+05:30 DEBUG 18076 --- [url-shorterner-sb] [           main] org.springframework.test.context.cache   : Spring test ApplicationContext cache statistics: [DefaultContextCache@752e50c6 size = 1, maxSize = 32, parentContextCount = 0, hitCount = 3, missCount = 1, failureCount = 0]
2025-09-29T12:55:42.837+05:30 DEBUG 18076 --- [url-shorterner-sb] [           main] org.springframework.test.context.cache   : Spring test ApplicationContext cache statistics: [DefaultContextCache@752e50c6 size = 1, maxSize = 32, parentContextCount = 0, hitCount = 4, missCount = 1, failureCount = 0]
2025-09-29T12:55:43.337+05:30 DEBUG 18076 --- [url-shorterner-sb] [           main] org.springframework.test.context.cache   : Spring test ApplicationContext cache statistics: [DefaultContextCache@752e50c6 size = 1, maxSize = 32, parentContextCount = 0, hitCount = 5, missCount = 1, failureCount = 0]
2025-09-29T12:55:43.341+05:30 DEBUG 18076 --- [url-shorterner-sb] [           main] org.springframework.test.context.cache   : Spring test ApplicationContext cache statistics: [DefaultContextCache@752e50c6 size = 1, maxSize = 32, parentContextCount = 0, hitCount = 6, missCount = 1, failureCount = 0]
2025-09-29T12:55:43.342+05:30 DEBUG 18076 --- [url-shorterner-sb] [           main] org.springframework.test.context.cache   : Spring test ApplicationContext cache statistics: [DefaultContextCache@752e50c6 size = 1, maxSize = 32, parentContextCount = 0, hitCount = 7, missCount = 1, failureCount = 0]
2025-09-29T12:55:43.342+05:30 DEBUG 18076 --- [url-shorterner-sb] [           main] org.springframework.test.context.cache   : Spring test ApplicationContext cache statistics: [DefaultContextCache@752e50c6 size = 1, maxSize = 32, parentContextCount = 0, hitCount = 8, missCount = 1, failureCount = 0]
2025-09-29T12:55:43.343+05:30 DEBUG 18076 --- [url-shorterner-sb] [           main] org.springframework.test.context.cache   : Spring test ApplicationContext cache statistics: [DefaultContextCache@752e50c6 size = 1, maxSize = 32, parentContextCount = 0, hitCount = 9, missCount = 1, failureCount = 0]
2025-09-29T12:55:43.344+05:30 DEBUG 18076 --- [url-shorterner-sb] [           main] org.springframework.test.context.cache   : Spring test ApplicationContext cache statistics: [DefaultContextCache@752e50c6 size = 1, maxSize = 32, parentContextCount = 0, hitCount = 10, missCount = 1, failureCount = 0]
2025-09-29T12:55:43.345+05:30 DEBUG 18076 --- [url-shorterner-sb] [           main] org.springframework.test.context.cache   : Spring test ApplicationContext cache statistics: [DefaultContextCache@752e50c6 size = 1, maxSize = 32, parentContextCount = 0, hitCount = 11, missCount = 1, failureCount = 0]
2025-09-29T12:55:43.346+05:30 DEBUG 18076 --- [url-shorterner-sb] [           main] org.springframework.test.context.cache   : Spring test ApplicationContext cache statistics: [DefaultContextCache@752e50c6 size = 1, maxSize = 32, parentContextCount = 0, hitCount = 12, missCount = 1, failureCount = 0]
2025-09-29T12:55:43.346+05:30 DEBUG 18076 --- [url-shorterner-sb] [           main] .c.s.DirtiesContextTestExecutionListener : After test method: class [UrlShorternerSbApplicationTests], method [contextLoads], class annotated with @DirtiesContext [false] with mode [null], method annotated with @DirtiesContext [false] with mode [null]
2025-09-29T12:55:43.347+05:30 DEBUG 18076 --- [url-shorterner-sb] [           main] o.s.t.c.w.ServletTestExecutionListener   : Resetting RequestContextHolder for test class com.url.shorterner.UrlShorternerSbApplicationTests
]]></system-out>
    <system-err><![CDATA[WARNING: A Java agent has been loaded dynamically (C:\Users\Sunny RAj\.m2\repository\net\bytebuddy\byte-buddy-agent\1.14.12\byte-buddy-agent-1.14.12.jar)
WARNING: If a serviceability tool is in use, please run with -XX:+EnableDynamicAgentLoading to hide this warning
WARNING: If a serviceability tool is not in use, please run with -Djdk.instrument.traceUsage for more information
WARNING: Dynamic loading of agents will be disallowed by default in a future release
]]></system-err>
  </testcase>
</testsuite>